-- The C compiler identification is GNU 13.3.0
-- The CXX compiler identification is GNU 13.3.0
-- Detecting C compiler ABI info
-- Detecting C compiler ABI info - done
-- Check for working C compiler: /usr/bin/cc - skipped
-- Detecting C compile features
-- Detecting C compile features - done
-- Detecting CXX compiler ABI info
-- Detecting CXX compiler ABI info - done
-- Check for working CXX compiler: /usr/bin/c++ - skipped
-- Detecting CXX compile features
-- Detecting CXX compile features - done
-- Found ament_cmake: 2.5.4 (/opt/ros/jazzy/share/ament_cmake/cmake)
-- Found Python3: /usr/bin/python3 (found version "3.12.3") found components: Interpreter 
-- Found rosidl_default_generators: 1.6.0 (/opt/ros/jazzy/share/rosidl_default_generators/cmake)
-- Using all available rosidl_typesupport_c: rosidl_typesupport_fastrtps_c;rosidl_typesupport_introspection_c
-- Using all available rosidl_typesupport_cpp: rosidl_typesupport_fastrtps_cpp;rosidl_typesupport_introspection_cpp
-- Found rosidl_adapter: 4.6.6 (/opt/ros/jazzy/share/rosidl_adapter/cmake)
-- Found action_msgs: 2.0.3 (/opt/ros/jazzy/share/action_msgs/cmake)
-- Found ament_cmake_ros: 0.12.0 (/opt/ros/jazzy/share/ament_cmake_ros/cmake)
-- Using all available rosidl_typesupport_c: rosidl_typesupport_fastrtps_c;rosidl_typesupport_introspection_c
-- Using all available rosidl_typesupport_cpp: rosidl_typesupport_fastrtps_cpp;rosidl_typesupport_introspection_cpp
-- Found python_cmake_module: 0.11.1 (/opt/ros/jazzy/share/python_cmake_module/cmake)
-- Found PythonExtra: /usr/bin/python3  
-- Found Python3: /usr/bin/python3 (found version "3.12.3") found components: Interpreter Development NumPy Development.Module Development.Embed 
-- Configuring done (1.7s)
-- Generating done (0.0s)
-- Build files have been written to: /home/me/cs-5335-code-ruim77/ros2_ws/build/turtlebot_action_drive
[  2%] [34m[1mGenerating type hashes for ROS interfaces[0m
[  2%] Built target ament_cmake_python_copy_turtlebot_action_drive
running egg_info
creating turtlebot_action_drive.egg-info
writing turtlebot_action_drive.egg-info/PKG-INFO
writing dependency_links to turtlebot_action_drive.egg-info/dependency_links.txt
writing top-level names to turtlebot_action_drive.egg-info/top_level.txt
writing manifest file 'turtlebot_action_drive.egg-info/SOURCES.txt'
[  2%] Built target turtlebot_action_drive__rosidl_generator_type_description
[  5%] [34m[1mGenerating C code for ROS interfaces[0m
reading manifest file 'turtlebot_action_drive.egg-info/SOURCES.txt'
writing manifest file 'turtlebot_action_drive.egg-info/SOURCES.txt'
[  8%] [34m[1mGenerating C++ code for ROS interfaces[0m
[  8%] Built target ament_cmake_python_build_turtlebot_action_drive_egg
[  8%] Built target turtlebot_action_drive__cpp
[ 11%] [32mBuilding C object CMakeFiles/turtlebot_action_drive__rosidl_generator_c.dir/rosidl_generator_c/turtlebot_action_drive/action/detail/drive_command__description.c.o[0m
[ 14%] [32mBuilding C object CMakeFiles/turtlebot_action_drive__rosidl_generator_c.dir/rosidl_generator_c/turtlebot_action_drive/action/detail/drive_command__functions.c.o[0m
[ 17%] [32mBuilding C object CMakeFiles/turtlebot_action_drive__rosidl_generator_c.dir/rosidl_generator_c/turtlebot_action_drive/action/detail/drive_command__type_support.c.o[0m
[ 20%] [32m[1mLinking C shared library libturtlebot_action_drive__rosidl_generator_c.so[0m
[ 20%] Built target turtlebot_action_drive__rosidl_generator_c
[ 23%] [34m[1mGenerating C++ type support dispatch for ROS interfaces[0m
[ 26%] [34m[1mGenerating C type support for eProsima Fast-RTPS[0m
[ 29%] [34m[1mGenerating C introspection for ROS interfaces[0m
[ 32%] [34m[1mGenerating C type support dispatch for ROS interfaces[0m
[ 35%] [34m[1mGenerating C++ type support for eProsima Fast-RTPS[0m
[ 38%] [34m[1mGenerating C++ introspection for ROS interfaces[0m
[ 41%] [32mBuilding CXX object CMakeFiles/turtlebot_action_drive__rosidl_typesupport_c.dir/rosidl_typesupport_c/turtlebot_action_drive/action/drive_command__type_support.cpp.o[0m
[ 44%] [32mBuilding CXX object CMakeFiles/turtlebot_action_drive__rosidl_typesupport_cpp.dir/rosidl_typesupport_cpp/turtlebot_action_drive/action/drive_command__type_support.cpp.o[0m
[ 47%] [32m[1mLinking CXX shared library libturtlebot_action_drive__rosidl_typesupport_c.so[0m
[ 50%] [32mBuilding C object CMakeFiles/turtlebot_action_drive__rosidl_typesupport_introspection_c.dir/rosidl_typesupport_introspection_c/turtlebot_action_drive/action/detail/drive_command__type_support.c.o[0m
[ 52%] [32mBuilding CXX object CMakeFiles/turtlebot_action_drive__rosidl_typesupport_introspection_cpp.dir/rosidl_typesupport_introspection_cpp/turtlebot_action_drive/action/detail/drive_command__type_support.cpp.o[0m
[ 52%] Built target turtlebot_action_drive__rosidl_typesupport_c
[ 55%] [32m[1mLinking C shared library libturtlebot_action_drive__rosidl_typesupport_introspection_c.so[0m
[ 55%] Built target turtlebot_action_drive__rosidl_typesupport_introspection_c
[ 58%] [32mBuilding CXX object CMakeFiles/turtlebot_action_drive__rosidl_typesupport_fastrtps_cpp.dir/rosidl_typesupport_fastrtps_cpp/turtlebot_action_drive/action/detail/dds_fastrtps/drive_command__type_support.cpp.o[0m
[ 61%] [32mBuilding CXX object CMakeFiles/turtlebot_action_drive__rosidl_typesupport_fastrtps_c.dir/rosidl_typesupport_fastrtps_c/turtlebot_action_drive/action/detail/drive_command__type_support_c.cpp.o[0m
[ 64%] [32m[1mLinking CXX shared library libturtlebot_action_drive__rosidl_typesupport_cpp.so[0m
[ 64%] Built target turtlebot_action_drive__rosidl_typesupport_cpp
[ 67%] [32m[1mLinking CXX shared library libturtlebot_action_drive__rosidl_typesupport_fastrtps_c.so[0m
[ 70%] [32m[1mLinking CXX shared library libturtlebot_action_drive__rosidl_typesupport_introspection_cpp.so[0m
[ 70%] Built target turtlebot_action_drive__rosidl_typesupport_fastrtps_c
[ 70%] Built target turtlebot_action_drive__rosidl_typesupport_introspection_cpp
[ 73%] [32m[1mLinking CXX shared library libturtlebot_action_drive__rosidl_typesupport_fastrtps_cpp.so[0m
[ 73%] Built target turtlebot_action_drive__rosidl_typesupport_fastrtps_cpp
[ 73%] Built target turtlebot_action_drive
[ 76%] [34m[1mGenerating Python code for ROS interfaces[0m
[ 76%] Built target turtlebot_action_drive__py
[ 79%] [32mBuilding C object CMakeFiles/turtlebot_action_drive__rosidl_generator_py.dir/rosidl_generator_py/turtlebot_action_drive/action/_drive_command_s.c.o[0m
[ 82%] [32m[1mLinking C shared library libturtlebot_action_drive__rosidl_generator_py.so[0m
[ 82%] Built target turtlebot_action_drive__rosidl_generator_py
[ 85%] [32mBuilding C object CMakeFiles/turtlebot_action_drive_s__rosidl_typesupport_fastrtps_c.dir/rosidl_generator_py/turtlebot_action_drive/_turtlebot_action_drive_s.ep.rosidl_typesupport_fastrtps_c.c.o[0m
[ 88%] [32mBuilding C object CMakeFiles/turtlebot_action_drive_s__rosidl_typesupport_introspection_c.dir/rosidl_generator_py/turtlebot_action_drive/_turtlebot_action_drive_s.ep.rosidl_typesupport_introspection_c.c.o[0m
[ 91%] [32mBuilding C object CMakeFiles/turtlebot_action_drive_s__rosidl_typesupport_c.dir/rosidl_generator_py/turtlebot_action_drive/_turtlebot_action_drive_s.ep.rosidl_typesupport_c.c.o[0m
[ 97%] [32m[1mLinking C shared module rosidl_generator_py/turtlebot_action_drive/turtlebot_action_drive_s__rosidl_typesupport_fastrtps_c.so[0m
[ 97%] [32m[1mLinking C shared module rosidl_generator_py/turtlebot_action_drive/turtlebot_action_drive_s__rosidl_typesupport_c.so[0m
[100%] [32m[1mLinking C shared module rosidl_generator_py/turtlebot_action_drive/turtlebot_action_drive_s__rosidl_typesupport_introspection_c.so[0m
[100%] Built target turtlebot_action_drive_s__rosidl_typesupport_c
[100%] Built target turtlebot_action_drive_s__rosidl_typesupport_introspection_c
[100%] Built target turtlebot_action_drive_s__rosidl_typesupport_fastrtps_c
-- Install configuration: ""
-- Installing: /home/me/cs-5335-code-ruim77/ros2_ws/install/turtlebot_action_drive/share/ament_index/resource_index/rosidl_interfaces/turtlebot_action_drive
-- Installing: /home/me/cs-5335-code-ruim77/ros2_ws/install/turtlebot_action_drive/share/turtlebot_action_drive/action/DriveCommand.json
-- Installing: /home/me/cs-5335-code-ruim77/ros2_ws/install/turtlebot_action_drive/include/turtlebot_action_drive/turtlebot_action_drive
-- Installing: /home/me/cs-5335-code-ruim77/ros2_ws/install/turtlebot_action_drive/include/turtlebot_action_drive/turtlebot_action_drive/msg
-- Installing: /home/me/cs-5335-code-ruim77/ros2_ws/install/turtlebot_action_drive/include/turtlebot_action_drive/turtlebot_action_drive/msg/rosidl_generator_c__visibility_control.h
-- Installing: /home/me/cs-5335-code-ruim77/ros2_ws/install/turtlebot_action_drive/include/turtlebot_action_drive/turtlebot_action_drive/action
-- Installing: /home/me/cs-5335-code-ruim77/ros2_ws/install/turtlebot_action_drive/include/turtlebot_action_drive/turtlebot_action_drive/action/detail
-- Installing: /home/me/cs-5335-code-ruim77/ros2_ws/install/turtlebot_action_drive/include/turtlebot_action_drive/turtlebot_action_drive/action/detail/drive_command__functions.c
-- Installing: /home/me/cs-5335-code-ruim77/ros2_ws/install/turtlebot_action_drive/include/turtlebot_action_drive/turtlebot_action_drive/action/detail/drive_command__description.c
-- Installing: /home/me/cs-5335-code-ruim77/ros2_ws/install/turtlebot_action_drive/include/turtlebot_action_drive/turtlebot_action_drive/action/detail/drive_command__struct.h
-- Installing: /home/me/cs-5335-code-ruim77/ros2_ws/install/turtlebot_action_drive/include/turtlebot_action_drive/turtlebot_action_drive/action/detail/drive_command__functions.h
-- Installing: /home/me/cs-5335-code-ruim77/ros2_ws/install/turtlebot_action_drive/include/turtlebot_action_drive/turtlebot_action_drive/action/detail/drive_command__type_support.c
-- Installing: /home/me/cs-5335-code-ruim77/ros2_ws/install/turtlebot_action_drive/include/turtlebot_action_drive/turtlebot_action_drive/action/detail/drive_command__type_support.h
-- Installing: /home/me/cs-5335-code-ruim77/ros2_ws/install/turtlebot_action_drive/include/turtlebot_action_drive/turtlebot_action_drive/action/drive_command.h
-- Installing: /home/me/cs-5335-code-ruim77/ros2_ws/install/turtlebot_action_drive/share/turtlebot_action_drive/environment/library_path.sh
-- Installing: /home/me/cs-5335-code-ruim77/ros2_ws/install/turtlebot_action_drive/share/turtlebot_action_drive/environment/library_path.dsv
-- Installing: /home/me/cs-5335-code-ruim77/ros2_ws/install/turtlebot_action_drive/lib/libturtlebot_action_drive__rosidl_generator_c.so
-- Set non-toolchain portion of runtime path of "/home/me/cs-5335-code-ruim77/ros2_ws/install/turtlebot_action_drive/lib/libturtlebot_action_drive__rosidl_generator_c.so" to ""
-- Up-to-date: /home/me/cs-5335-code-ruim77/ros2_ws/install/turtlebot_action_drive/include/turtlebot_action_drive/turtlebot_action_drive
-- Up-to-date: /home/me/cs-5335-code-ruim77/ros2_ws/install/turtlebot_action_drive/include/turtlebot_action_drive/turtlebot_action_drive/msg
-- Installing: /home/me/cs-5335-code-ruim77/ros2_ws/install/turtlebot_action_drive/include/turtlebot_action_drive/turtlebot_action_drive/msg/rosidl_typesupport_fastrtps_c__visibility_control.h
-- Up-to-date: /home/me/cs-5335-code-ruim77/ros2_ws/install/turtlebot_action_drive/include/turtlebot_action_drive/turtlebot_action_drive/action
-- Up-to-date: /home/me/cs-5335-code-ruim77/ros2_ws/install/turtlebot_action_drive/include/turtlebot_action_drive/turtlebot_action_drive/action/detail
-- Installing: /home/me/cs-5335-code-ruim77/ros2_ws/install/turtlebot_action_drive/include/turtlebot_action_drive/turtlebot_action_drive/action/detail/drive_command__rosidl_typesupport_fastrtps_c.h
-- Installing: /home/me/cs-5335-code-ruim77/ros2_ws/install/turtlebot_action_drive/lib/libturtlebot_action_drive__rosidl_typesupport_fastrtps_c.so
-- Set non-toolchain portion of runtime path of "/home/me/cs-5335-code-ruim77/ros2_ws/install/turtlebot_action_drive/lib/libturtlebot_action_drive__rosidl_typesupport_fastrtps_c.so" to ""
-- Up-to-date: /home/me/cs-5335-code-ruim77/ros2_ws/install/turtlebot_action_drive/include/turtlebot_action_drive/turtlebot_action_drive
-- Up-to-date: /home/me/cs-5335-code-ruim77/ros2_ws/install/turtlebot_action_drive/include/turtlebot_action_drive/turtlebot_action_drive/msg
-- Installing: /home/me/cs-5335-code-ruim77/ros2_ws/install/turtlebot_action_drive/include/turtlebot_action_drive/turtlebot_action_drive/msg/rosidl_typesupport_introspection_c__visibility_control.h
-- Up-to-date: /home/me/cs-5335-code-ruim77/ros2_ws/install/turtlebot_action_drive/include/turtlebot_action_drive/turtlebot_action_drive/action
-- Up-to-date: /home/me/cs-5335-code-ruim77/ros2_ws/install/turtlebot_action_drive/include/turtlebot_action_drive/turtlebot_action_drive/action/detail
-- Installing: /home/me/cs-5335-code-ruim77/ros2_ws/install/turtlebot_action_drive/include/turtlebot_action_drive/turtlebot_action_drive/action/detail/drive_command__rosidl_typesupport_introspection_c.h
-- Up-to-date: /home/me/cs-5335-code-ruim77/ros2_ws/install/turtlebot_action_drive/include/turtlebot_action_drive/turtlebot_action_drive/action/detail/drive_command__type_support.c
-- Installing: /home/me/cs-5335-code-ruim77/ros2_ws/install/turtlebot_action_drive/lib/libturtlebot_action_drive__rosidl_typesupport_introspection_c.so
-- Set non-toolchain portion of runtime path of "/home/me/cs-5335-code-ruim77/ros2_ws/install/turtlebot_action_drive/lib/libturtlebot_action_drive__rosidl_typesupport_introspection_c.so" to ""
-- Installing: /home/me/cs-5335-code-ruim77/ros2_ws/install/turtlebot_action_drive/lib/libturtlebot_action_drive__rosidl_typesupport_c.so
-- Set non-toolchain portion of runtime path of "/home/me/cs-5335-code-ruim77/ros2_ws/install/turtlebot_action_drive/lib/libturtlebot_action_drive__rosidl_typesupport_c.so" to ""
-- Up-to-date: /home/me/cs-5335-code-ruim77/ros2_ws/install/turtlebot_action_drive/include/turtlebot_action_drive/turtlebot_action_drive
-- Up-to-date: /home/me/cs-5335-code-ruim77/ros2_ws/install/turtlebot_action_drive/include/turtlebot_action_drive/turtlebot_action_drive/msg
-- Installing: /home/me/cs-5335-code-ruim77/ros2_ws/install/turtlebot_action_drive/include/turtlebot_action_drive/turtlebot_action_drive/msg/rosidl_generator_cpp__visibility_control.hpp
-- Up-to-date: /home/me/cs-5335-code-ruim77/ros2_ws/install/turtlebot_action_drive/include/turtlebot_action_drive/turtlebot_action_drive/action
-- Up-to-date: /home/me/cs-5335-code-ruim77/ros2_ws/install/turtlebot_action_drive/include/turtlebot_action_drive/turtlebot_action_drive/action/detail
-- Installing: /home/me/cs-5335-code-ruim77/ros2_ws/install/turtlebot_action_drive/include/turtlebot_action_drive/turtlebot_action_drive/action/detail/drive_command__builder.hpp
-- Installing: /home/me/cs-5335-code-ruim77/ros2_ws/install/turtlebot_action_drive/include/turtlebot_action_drive/turtlebot_action_drive/action/detail/drive_command__struct.hpp
-- Installing: /home/me/cs-5335-code-ruim77/ros2_ws/install/turtlebot_action_drive/include/turtlebot_action_drive/turtlebot_action_drive/action/detail/drive_command__type_support.hpp
-- Installing: /home/me/cs-5335-code-ruim77/ros2_ws/install/turtlebot_action_drive/include/turtlebot_action_drive/turtlebot_action_drive/action/detail/drive_command__traits.hpp
-- Installing: /home/me/cs-5335-code-ruim77/ros2_ws/install/turtlebot_action_drive/include/turtlebot_action_drive/turtlebot_action_drive/action/drive_command.hpp
-- Up-to-date: /home/me/cs-5335-code-ruim77/ros2_ws/install/turtlebot_action_drive/include/turtlebot_action_drive/turtlebot_action_drive
-- Up-to-date: /home/me/cs-5335-code-ruim77/ros2_ws/install/turtlebot_action_drive/include/turtlebot_action_drive/turtlebot_action_drive/msg
-- Installing: /home/me/cs-5335-code-ruim77/ros2_ws/install/turtlebot_action_drive/include/turtlebot_action_drive/turtlebot_action_drive/msg/rosidl_typesupport_fastrtps_cpp__visibility_control.h
-- Up-to-date: /home/me/cs-5335-code-ruim77/ros2_ws/install/turtlebot_action_drive/include/turtlebot_action_drive/turtlebot_action_drive/action
-- Up-to-date: /home/me/cs-5335-code-ruim77/ros2_ws/install/turtlebot_action_drive/include/turtlebot_action_drive/turtlebot_action_drive/action/detail
-- Installing: /home/me/cs-5335-code-ruim77/ros2_ws/install/turtlebot_action_drive/include/turtlebot_action_drive/turtlebot_action_drive/action/detail/drive_command__rosidl_typesupport_fastrtps_cpp.hpp
-- Installing: /home/me/cs-5335-code-ruim77/ros2_ws/install/turtlebot_action_drive/include/turtlebot_action_drive/turtlebot_action_drive/action/detail/dds_fastrtps
-- Installing: /home/me/cs-5335-code-ruim77/ros2_ws/install/turtlebot_action_drive/lib/libturtlebot_action_drive__rosidl_typesupport_fastrtps_cpp.so
-- Set non-toolchain portion of runtime path of "/home/me/cs-5335-code-ruim77/ros2_ws/install/turtlebot_action_drive/lib/libturtlebot_action_drive__rosidl_typesupport_fastrtps_cpp.so" to ""
-- Up-to-date: /home/me/cs-5335-code-ruim77/ros2_ws/install/turtlebot_action_drive/include/turtlebot_action_drive/turtlebot_action_drive
-- Up-to-date: /home/me/cs-5335-code-ruim77/ros2_ws/install/turtlebot_action_drive/include/turtlebot_action_drive/turtlebot_action_drive/action
-- Up-to-date: /home/me/cs-5335-code-ruim77/ros2_ws/install/turtlebot_action_drive/include/turtlebot_action_drive/turtlebot_action_drive/action/detail
-- Installing: /home/me/cs-5335-code-ruim77/ros2_ws/install/turtlebot_action_drive/include/turtlebot_action_drive/turtlebot_action_drive/action/detail/drive_command__rosidl_typesupport_introspection_cpp.hpp
-- Installing: /home/me/cs-5335-code-ruim77/ros2_ws/install/turtlebot_action_drive/include/turtlebot_action_drive/turtlebot_action_drive/action/detail/drive_command__type_support.cpp
-- Installing: /home/me/cs-5335-code-ruim77/ros2_ws/install/turtlebot_action_drive/lib/libturtlebot_action_drive__rosidl_typesupport_introspection_cpp.so
-- Set non-toolchain portion of runtime path of "/home/me/cs-5335-code-ruim77/ros2_ws/install/turtlebot_action_drive/lib/libturtlebot_action_drive__rosidl_typesupport_introspection_cpp.so" to ""
-- Installing: /home/me/cs-5335-code-ruim77/ros2_ws/install/turtlebot_action_drive/lib/libturtlebot_action_drive__rosidl_typesupport_cpp.so
-- Set non-toolchain portion of runtime path of "/home/me/cs-5335-code-ruim77/ros2_ws/install/turtlebot_action_drive/lib/libturtlebot_action_drive__rosidl_typesupport_cpp.so" to ""
-- Installing: /home/me/cs-5335-code-ruim77/ros2_ws/install/turtlebot_action_drive/share/turtlebot_action_drive/environment/pythonpath.sh
-- Installing: /home/me/cs-5335-code-ruim77/ros2_ws/install/turtlebot_action_drive/share/turtlebot_action_drive/environment/pythonpath.dsv
-- Installing: /home/me/cs-5335-code-ruim77/ros2_ws/install/turtlebot_action_drive/lib/python3.12/site-packages/turtlebot_action_drive-0.0.0-py3.12.egg-info
-- Installing: /home/me/cs-5335-code-ruim77/ros2_ws/install/turtlebot_action_drive/lib/python3.12/site-packages/turtlebot_action_drive-0.0.0-py3.12.egg-info/PKG-INFO
-- Installing: /home/me/cs-5335-code-ruim77/ros2_ws/install/turtlebot_action_drive/lib/python3.12/site-packages/turtlebot_action_drive-0.0.0-py3.12.egg-info/dependency_links.txt
-- Installing: /home/me/cs-5335-code-ruim77/ros2_ws/install/turtlebot_action_drive/lib/python3.12/site-packages/turtlebot_action_drive-0.0.0-py3.12.egg-info/top_level.txt
-- Installing: /home/me/cs-5335-code-ruim77/ros2_ws/install/turtlebot_action_drive/lib/python3.12/site-packages/turtlebot_action_drive-0.0.0-py3.12.egg-info/SOURCES.txt
-- Installing: /home/me/cs-5335-code-ruim77/ros2_ws/install/turtlebot_action_drive/lib/python3.12/site-packages/turtlebot_action_drive
-- Installing: /home/me/cs-5335-code-ruim77/ros2_ws/install/turtlebot_action_drive/lib/python3.12/site-packages/turtlebot_action_drive/turtlebot_action_drive_s__rosidl_typesupport_introspection_c.so
-- Installing: /home/me/cs-5335-code-ruim77/ros2_ws/install/turtlebot_action_drive/lib/python3.12/site-packages/turtlebot_action_drive/turtlebot_action_drive_s__rosidl_typesupport_c.so
-- Installing: /home/me/cs-5335-code-ruim77/ros2_ws/install/turtlebot_action_drive/lib/python3.12/site-packages/turtlebot_action_drive/_turtlebot_action_drive_s.ep.rosidl_typesupport_introspection_c.c
-- Installing: /home/me/cs-5335-code-ruim77/ros2_ws/install/turtlebot_action_drive/lib/python3.12/site-packages/turtlebot_action_drive/_turtlebot_action_drive_s.ep.rosidl_typesupport_fastrtps_c.c
-- Installing: /home/me/cs-5335-code-ruim77/ros2_ws/install/turtlebot_action_drive/lib/python3.12/site-packages/turtlebot_action_drive/_turtlebot_action_drive_s.ep.rosidl_typesupport_c.c
-- Installing: /home/me/cs-5335-code-ruim77/ros2_ws/install/turtlebot_action_drive/lib/python3.12/site-packages/turtlebot_action_drive/__init__.py
-- Installing: /home/me/cs-5335-code-ruim77/ros2_ws/install/turtlebot_action_drive/lib/python3.12/site-packages/turtlebot_action_drive/action
-- Installing: /home/me/cs-5335-code-ruim77/ros2_ws/install/turtlebot_action_drive/lib/python3.12/site-packages/turtlebot_action_drive/action/_drive_command_s.c
-- Installing: /home/me/cs-5335-code-ruim77/ros2_ws/install/turtlebot_action_drive/lib/python3.12/site-packages/turtlebot_action_drive/action/_drive_command.py
-- Installing: /home/me/cs-5335-code-ruim77/ros2_ws/install/turtlebot_action_drive/lib/python3.12/site-packages/turtlebot_action_drive/action/__init__.py
-- Installing: /home/me/cs-5335-code-ruim77/ros2_ws/install/turtlebot_action_drive/lib/python3.12/site-packages/turtlebot_action_drive/turtlebot_action_drive_s__rosidl_typesupport_fastrtps_c.so
Listing '/home/me/cs-5335-code-ruim77/ros2_ws/install/turtlebot_action_drive/lib/python3.12/site-packages/turtlebot_action_drive'...
Compiling '/home/me/cs-5335-code-ruim77/ros2_ws/install/turtlebot_action_drive/lib/python3.12/site-packages/turtlebot_action_drive/__init__.py'...
Listing '/home/me/cs-5335-code-ruim77/ros2_ws/install/turtlebot_action_drive/lib/python3.12/site-packages/turtlebot_action_drive/action'...
Compiling '/home/me/cs-5335-code-ruim77/ros2_ws/install/turtlebot_action_drive/lib/python3.12/site-packages/turtlebot_action_drive/action/__init__.py'...
Compiling '/home/me/cs-5335-code-ruim77/ros2_ws/install/turtlebot_action_drive/lib/python3.12/site-packages/turtlebot_action_drive/action/_drive_command.py'...
-- Installing: /home/me/cs-5335-code-ruim77/ros2_ws/install/turtlebot_action_drive/lib/python3.12/site-packages/turtlebot_action_drive/turtlebot_action_drive_s__rosidl_typesupport_fastrtps_c.so
-- Set non-toolchain portion of runtime path of "/home/me/cs-5335-code-ruim77/ros2_ws/install/turtlebot_action_drive/lib/python3.12/site-packages/turtlebot_action_drive/turtlebot_action_drive_s__rosidl_typesupport_fastrtps_c.so" to ""
-- Installing: /home/me/cs-5335-code-ruim77/ros2_ws/install/turtlebot_action_drive/lib/python3.12/site-packages/turtlebot_action_drive/turtlebot_action_drive_s__rosidl_typesupport_introspection_c.so
-- Set non-toolchain portion of runtime path of "/home/me/cs-5335-code-ruim77/ros2_ws/install/turtlebot_action_drive/lib/python3.12/site-packages/turtlebot_action_drive/turtlebot_action_drive_s__rosidl_typesupport_introspection_c.so" to ""
-- Installing: /home/me/cs-5335-code-ruim77/ros2_ws/install/turtlebot_action_drive/lib/python3.12/site-packages/turtlebot_action_drive/turtlebot_action_drive_s__rosidl_typesupport_c.so
-- Set non-toolchain portion of runtime path of "/home/me/cs-5335-code-ruim77/ros2_ws/install/turtlebot_action_drive/lib/python3.12/site-packages/turtlebot_action_drive/turtlebot_action_drive_s__rosidl_typesupport_c.so" to ""
-- Installing: /home/me/cs-5335-code-ruim77/ros2_ws/install/turtlebot_action_drive/lib/libturtlebot_action_drive__rosidl_generator_py.so
-- Set non-toolchain portion of runtime path of "/home/me/cs-5335-code-ruim77/ros2_ws/install/turtlebot_action_drive/lib/libturtlebot_action_drive__rosidl_generator_py.so" to ""
-- Installing: /home/me/cs-5335-code-ruim77/ros2_ws/install/turtlebot_action_drive/share/turtlebot_action_drive/action/DriveCommand.idl
-- Installing: /home/me/cs-5335-code-ruim77/ros2_ws/install/turtlebot_action_drive/share/turtlebot_action_drive/action/DriveCommand.action
-- Installing: /home/me/cs-5335-code-ruim77/ros2_ws/install/turtlebot_action_drive/lib/turtlebot_action_drive/executive_node.py
-- Installing: /home/me/cs-5335-code-ruim77/ros2_ws/install/turtlebot_action_drive/lib/turtlebot_action_drive/driving_node.py
-- Installing: /home/me/cs-5335-code-ruim77/ros2_ws/install/turtlebot_action_drive/share/turtlebot_action_drive//launch
-- Installing: /home/me/cs-5335-code-ruim77/ros2_ws/install/turtlebot_action_drive/share/turtlebot_action_drive//launch/turtlebot_action_launch.py
-- Installing: /home/me/cs-5335-code-ruim77/ros2_ws/install/turtlebot_action_drive/share/ament_index/resource_index/package_run_dependencies/turtlebot_action_drive
-- Installing: /home/me/cs-5335-code-ruim77/ros2_ws/install/turtlebot_action_drive/share/ament_index/resource_index/parent_prefix_path/turtlebot_action_drive
-- Installing: /home/me/cs-5335-code-ruim77/ros2_ws/install/turtlebot_action_drive/share/turtlebot_action_drive/environment/ament_prefix_path.sh
-- Installing: /home/me/cs-5335-code-ruim77/ros2_ws/install/turtlebot_action_drive/share/turtlebot_action_drive/environment/ament_prefix_path.dsv
-- Installing: /home/me/cs-5335-code-ruim77/ros2_ws/install/turtlebot_action_drive/share/turtlebot_action_drive/environment/path.sh
-- Installing: /home/me/cs-5335-code-ruim77/ros2_ws/install/turtlebot_action_drive/share/turtlebot_action_drive/environment/path.dsv
-- Installing: /home/me/cs-5335-code-ruim77/ros2_ws/install/turtlebot_action_drive/share/turtlebot_action_drive/local_setup.bash
-- Installing: /home/me/cs-5335-code-ruim77/ros2_ws/install/turtlebot_action_drive/share/turtlebot_action_drive/local_setup.sh
-- Installing: /home/me/cs-5335-code-ruim77/ros2_ws/install/turtlebot_action_drive/share/turtlebot_action_drive/local_setup.zsh
-- Installing: /home/me/cs-5335-code-ruim77/ros2_ws/install/turtlebot_action_drive/share/turtlebot_action_drive/local_setup.dsv
-- Installing: /home/me/cs-5335-code-ruim77/ros2_ws/install/turtlebot_action_drive/share/turtlebot_action_drive/package.dsv
-- Installing: /home/me/cs-5335-code-ruim77/ros2_ws/install/turtlebot_action_drive/share/ament_index/resource_index/packages/turtlebot_action_drive
-- Installing: /home/me/cs-5335-code-ruim77/ros2_ws/install/turtlebot_action_drive/share/turtlebot_action_drive/cmake/export_turtlebot_action_drive__rosidl_generator_cExport.cmake
-- Installing: /home/me/cs-5335-code-ruim77/ros2_ws/install/turtlebot_action_drive/share/turtlebot_action_drive/cmake/export_turtlebot_action_drive__rosidl_generator_cExport-noconfig.cmake
-- Installing: /home/me/cs-5335-code-ruim77/ros2_ws/install/turtlebot_action_drive/share/turtlebot_action_drive/cmake/export_turtlebot_action_drive__rosidl_typesupport_fastrtps_cExport.cmake
-- Installing: /home/me/cs-5335-code-ruim77/ros2_ws/install/turtlebot_action_drive/share/turtlebot_action_drive/cmake/export_turtlebot_action_drive__rosidl_typesupport_fastrtps_cExport-noconfig.cmake
-- Installing: /home/me/cs-5335-code-ruim77/ros2_ws/install/turtlebot_action_drive/share/turtlebot_action_drive/cmake/turtlebot_action_drive__rosidl_typesupport_introspection_cExport.cmake
-- Installing: /home/me/cs-5335-code-ruim77/ros2_ws/install/turtlebot_action_drive/share/turtlebot_action_drive/cmake/turtlebot_action_drive__rosidl_typesupport_introspection_cExport-noconfig.cmake
-- Installing: /home/me/cs-5335-code-ruim77/ros2_ws/install/turtlebot_action_drive/share/turtlebot_action_drive/cmake/turtlebot_action_drive__rosidl_typesupport_cExport.cmake
-- Installing: /home/me/cs-5335-code-ruim77/ros2_ws/install/turtlebot_action_drive/share/turtlebot_action_drive/cmake/turtlebot_action_drive__rosidl_typesupport_cExport-noconfig.cmake
-- Installing: /home/me/cs-5335-code-ruim77/ros2_ws/install/turtlebot_action_drive/share/turtlebot_action_drive/cmake/export_turtlebot_action_drive__rosidl_generator_cppExport.cmake
-- Installing: /home/me/cs-5335-code-ruim77/ros2_ws/install/turtlebot_action_drive/share/turtlebot_action_drive/cmake/export_turtlebot_action_drive__rosidl_typesupport_fastrtps_cppExport.cmake
-- Installing: /home/me/cs-5335-code-ruim77/ros2_ws/install/turtlebot_action_drive/share/turtlebot_action_drive/cmake/export_turtlebot_action_drive__rosidl_typesupport_fastrtps_cppExport-noconfig.cmake
-- Installing: /home/me/cs-5335-code-ruim77/ros2_ws/install/turtlebot_action_drive/share/turtlebot_action_drive/cmake/turtlebot_action_drive__rosidl_typesupport_introspection_cppExport.cmake
-- Installing: /home/me/cs-5335-code-ruim77/ros2_ws/install/turtlebot_action_drive/share/turtlebot_action_drive/cmake/turtlebot_action_drive__rosidl_typesupport_introspection_cppExport-noconfig.cmake
-- Installing: /home/me/cs-5335-code-ruim77/ros2_ws/install/turtlebot_action_drive/share/turtlebot_action_drive/cmake/turtlebot_action_drive__rosidl_typesupport_cppExport.cmake
-- Installing: /home/me/cs-5335-code-ruim77/ros2_ws/install/turtlebot_action_drive/share/turtlebot_action_drive/cmake/turtlebot_action_drive__rosidl_typesupport_cppExport-noconfig.cmake
-- Installing: /home/me/cs-5335-code-ruim77/ros2_ws/install/turtlebot_action_drive/share/turtlebot_action_drive/cmake/export_turtlebot_action_drive__rosidl_generator_pyExport.cmake
-- Installing: /home/me/cs-5335-code-ruim77/ros2_ws/install/turtlebot_action_drive/share/turtlebot_action_drive/cmake/export_turtlebot_action_drive__rosidl_generator_pyExport-noconfig.cmake
-- Installing: /home/me/cs-5335-code-ruim77/ros2_ws/install/turtlebot_action_drive/share/turtlebot_action_drive/cmake/rosidl_cmake-extras.cmake
-- Installing: /home/me/cs-5335-code-ruim77/ros2_ws/install/turtlebot_action_drive/share/turtlebot_action_drive/cmake/ament_cmake_export_dependencies-extras.cmake
-- Installing: /home/me/cs-5335-code-ruim77/ros2_ws/install/turtlebot_action_drive/share/turtlebot_action_drive/cmake/ament_cmake_export_include_directories-extras.cmake
-- Installing: /home/me/cs-5335-code-ruim77/ros2_ws/install/turtlebot_action_drive/share/turtlebot_action_drive/cmake/ament_cmake_export_libraries-extras.cmake
-- Installing: /home/me/cs-5335-code-ruim77/ros2_ws/install/turtlebot_action_drive/share/turtlebot_action_drive/cmake/ament_cmake_export_targets-extras.cmake
-- Installing: /home/me/cs-5335-code-ruim77/ros2_ws/install/turtlebot_action_drive/share/turtlebot_action_drive/cmake/rosidl_cmake_export_typesupport_targets-extras.cmake
-- Installing: /home/me/cs-5335-code-ruim77/ros2_ws/install/turtlebot_action_drive/share/turtlebot_action_drive/cmake/rosidl_cmake_export_typesupport_libraries-extras.cmake
-- Installing: /home/me/cs-5335-code-ruim77/ros2_ws/install/turtlebot_action_drive/share/turtlebot_action_drive/cmake/turtlebot_action_driveConfig.cmake
-- Installing: /home/me/cs-5335-code-ruim77/ros2_ws/install/turtlebot_action_drive/share/turtlebot_action_drive/cmake/turtlebot_action_driveConfig-version.cmake
-- Installing: /home/me/cs-5335-code-ruim77/ros2_ws/install/turtlebot_action_drive/share/turtlebot_action_drive/package.xml
