[0.009s] Invoking command in '/home/me/cs-5335-code-ruim77/ros2_ws/build/turtlebot_action_drive': CMAKE_PREFIX_PATH=${CMAKE_PREFIX_PATH}:/opt/ros/jazzy DEBUGINFOD_URLS=https://debuginfod.ubuntu.com /usr/bin/cmake /home/me/cs-5335-code-ruim77/ros2_ws/src/turtlebot_action_drive -DCMAKE_INSTALL_PREFIX=/home/me/cs-5335-code-ruim77/ros2_ws/install/turtlebot_action_drive
[0.079s] -- The C compiler identification is GNU 13.3.0
[0.143s] -- The CXX compiler identification is GNU 13.3.0
[0.153s] -- Detecting C compiler ABI info
[0.209s] -- Detecting C compiler ABI info - done
[0.215s] -- Check for working C compiler: /usr/bin/cc - skipped
[0.215s] -- Detecting C compile features
[0.215s] -- Detecting C compile features - done
[0.220s] -- Detecting CXX compiler ABI info
[0.283s] -- Detecting CXX compiler ABI info - done
[0.288s] -- Check for working CXX compiler: /usr/bin/c++ - skipped
[0.289s] -- Detecting CXX compile features
[0.289s] -- Detecting CXX compile features - done
[0.291s] -- Found ament_cmake: 2.5.4 (/opt/ros/jazzy/share/ament_cmake/cmake)
[0.377s] -- Found Python3: /usr/bin/python3 (found version "3.12.3") found components: Interpreter 
[0.439s] -- Found rosidl_default_generators: 1.6.0 (/opt/ros/jazzy/share/rosidl_default_generators/cmake)
[0.442s] -- Using all available rosidl_typesupport_c: rosidl_typesupport_fastrtps_c;rosidl_typesupport_introspection_c
[0.468s] -- Using all available rosidl_typesupport_cpp: rosidl_typesupport_fastrtps_cpp;rosidl_typesupport_introspection_cpp
[0.489s] -- Found rosidl_adapter: 4.6.6 (/opt/ros/jazzy/share/rosidl_adapter/cmake)
[0.490s] -- Found action_msgs: 2.0.3 (/opt/ros/jazzy/share/action_msgs/cmake)
[0.842s] -- Found ament_cmake_ros: 0.12.0 (/opt/ros/jazzy/share/ament_cmake_ros/cmake)
[1.067s] -- Using all available rosidl_typesupport_c: rosidl_typesupport_fastrtps_c;rosidl_typesupport_introspection_c
[1.345s] -- Using all available rosidl_typesupport_cpp: rosidl_typesupport_fastrtps_cpp;rosidl_typesupport_introspection_cpp
[1.346s] -- Found python_cmake_module: 0.11.1 (/opt/ros/jazzy/share/python_cmake_module/cmake)
[1.412s] -- Found PythonExtra: /usr/bin/python3  
[1.679s] -- Found Python3: /usr/bin/python3 (found version "3.12.3") found components: Interpreter Development NumPy Development.Module Development.Embed 
[1.704s] -- Configuring done (1.7s)
[1.728s] -- Generating done (0.0s)
[1.736s] -- Build files have been written to: /home/me/cs-5335-code-ruim77/ros2_ws/build/turtlebot_action_drive
[1.743s] Invoked command in '/home/me/cs-5335-code-ruim77/ros2_ws/build/turtlebot_action_drive' returned '0': CMAKE_PREFIX_PATH=${CMAKE_PREFIX_PATH}:/opt/ros/jazzy DEBUGINFOD_URLS=https://debuginfod.ubuntu.com /usr/bin/cmake /home/me/cs-5335-code-ruim77/ros2_ws/src/turtlebot_action_drive -DCMAKE_INSTALL_PREFIX=/home/me/cs-5335-code-ruim77/ros2_ws/install/turtlebot_action_drive
[1.744s] Invoking command in '/home/me/cs-5335-code-ruim77/ros2_ws/build/turtlebot_action_drive': CMAKE_PREFIX_PATH=${CMAKE_PREFIX_PATH}:/opt/ros/jazzy DEBUGINFOD_URLS=https://debuginfod.ubuntu.com /usr/bin/cmake --build /home/me/cs-5335-code-ruim77/ros2_ws/build/turtlebot_action_drive -- -j8 -l8
[1.768s] [  2%] [34m[1mGenerating type hashes for ROS interfaces[0m
[1.771s] [  2%] Built target ament_cmake_python_copy_turtlebot_action_drive
[1.874s] running egg_info
[1.875s] creating turtlebot_action_drive.egg-info
[1.882s] writing turtlebot_action_drive.egg-info/PKG-INFO
[1.882s] writing dependency_links to turtlebot_action_drive.egg-info/dependency_links.txt
[1.882s] writing top-level names to turtlebot_action_drive.egg-info/top_level.txt
[1.882s] writing manifest file 'turtlebot_action_drive.egg-info/SOURCES.txt'
[1.897s] [  2%] Built target turtlebot_action_drive__rosidl_generator_type_description
[1.902s] [  5%] [34m[1mGenerating C code for ROS interfaces[0m
[1.904s] reading manifest file 'turtlebot_action_drive.egg-info/SOURCES.txt'
[1.904s] writing manifest file 'turtlebot_action_drive.egg-info/SOURCES.txt'
[1.908s] [  8%] [34m[1mGenerating C++ code for ROS interfaces[0m
[1.926s] [  8%] Built target ament_cmake_python_build_turtlebot_action_drive_egg
[2.153s] [  8%] Built target turtlebot_action_drive__cpp
[2.173s] [ 11%] [32mBuilding C object CMakeFiles/turtlebot_action_drive__rosidl_generator_c.dir/rosidl_generator_c/turtlebot_action_drive/action/detail/drive_command__description.c.o[0m
[2.173s] [ 14%] [32mBuilding C object CMakeFiles/turtlebot_action_drive__rosidl_generator_c.dir/rosidl_generator_c/turtlebot_action_drive/action/detail/drive_command__functions.c.o[0m
[2.173s] [ 17%] [32mBuilding C object CMakeFiles/turtlebot_action_drive__rosidl_generator_c.dir/rosidl_generator_c/turtlebot_action_drive/action/detail/drive_command__type_support.c.o[0m
[2.275s] [ 20%] [32m[1mLinking C shared library libturtlebot_action_drive__rosidl_generator_c.so[0m
[2.294s] [ 20%] Built target turtlebot_action_drive__rosidl_generator_c
[2.300s] [ 23%] [34m[1mGenerating C++ type support dispatch for ROS interfaces[0m
[2.302s] [ 26%] [34m[1mGenerating C type support for eProsima Fast-RTPS[0m
[2.302s] [ 29%] [34m[1mGenerating C introspection for ROS interfaces[0m
[2.302s] [ 32%] [34m[1mGenerating C type support dispatch for ROS interfaces[0m
[2.302s] [ 35%] [34m[1mGenerating C++ type support for eProsima Fast-RTPS[0m
[2.305s] [ 38%] [34m[1mGenerating C++ introspection for ROS interfaces[0m
[2.550s] [ 41%] [32mBuilding CXX object CMakeFiles/turtlebot_action_drive__rosidl_typesupport_c.dir/rosidl_typesupport_c/turtlebot_action_drive/action/drive_command__type_support.cpp.o[0m
[2.556s] [ 44%] [32mBuilding CXX object CMakeFiles/turtlebot_action_drive__rosidl_typesupport_cpp.dir/rosidl_typesupport_cpp/turtlebot_action_drive/action/drive_command__type_support.cpp.o[0m
[2.599s] [ 47%] [32m[1mLinking CXX shared library libturtlebot_action_drive__rosidl_typesupport_c.so[0m
[2.608s] [ 50%] [32mBuilding C object CMakeFiles/turtlebot_action_drive__rosidl_typesupport_introspection_c.dir/rosidl_typesupport_introspection_c/turtlebot_action_drive/action/detail/drive_command__type_support.c.o[0m
[2.610s] [ 52%] [32mBuilding CXX object CMakeFiles/turtlebot_action_drive__rosidl_typesupport_introspection_cpp.dir/rosidl_typesupport_introspection_cpp/turtlebot_action_drive/action/detail/drive_command__type_support.cpp.o[0m
[2.635s] [ 52%] Built target turtlebot_action_drive__rosidl_typesupport_c
[2.668s] [ 55%] [32m[1mLinking C shared library libturtlebot_action_drive__rosidl_typesupport_introspection_c.so[0m
[2.700s] [ 55%] Built target turtlebot_action_drive__rosidl_typesupport_introspection_c
[2.704s] [ 58%] [32mBuilding CXX object CMakeFiles/turtlebot_action_drive__rosidl_typesupport_fastrtps_cpp.dir/rosidl_typesupport_fastrtps_cpp/turtlebot_action_drive/action/detail/dds_fastrtps/drive_command__type_support.cpp.o[0m
[2.728s] [ 61%] [32mBuilding CXX object CMakeFiles/turtlebot_action_drive__rosidl_typesupport_fastrtps_c.dir/rosidl_typesupport_fastrtps_c/turtlebot_action_drive/action/detail/drive_command__type_support_c.cpp.o[0m
[3.146s] [ 64%] [32m[1mLinking CXX shared library libturtlebot_action_drive__rosidl_typesupport_cpp.so[0m
[3.220s] [ 64%] Built target turtlebot_action_drive__rosidl_typesupport_cpp
[3.244s] [ 67%] [32m[1mLinking CXX shared library libturtlebot_action_drive__rosidl_typesupport_fastrtps_c.so[0m
[3.246s] [ 70%] [32m[1mLinking CXX shared library libturtlebot_action_drive__rosidl_typesupport_introspection_cpp.so[0m
[3.277s] [ 70%] Built target turtlebot_action_drive__rosidl_typesupport_fastrtps_c
[3.291s] [ 70%] Built target turtlebot_action_drive__rosidl_typesupport_introspection_cpp
[3.443s] [ 73%] [32m[1mLinking CXX shared library libturtlebot_action_drive__rosidl_typesupport_fastrtps_cpp.so[0m
[3.483s] [ 73%] Built target turtlebot_action_drive__rosidl_typesupport_fastrtps_cpp
[3.493s] [ 73%] Built target turtlebot_action_drive
[3.501s] [ 76%] [34m[1mGenerating Python code for ROS interfaces[0m
[3.880s] [ 76%] Built target turtlebot_action_drive__py
[3.890s] [ 79%] [32mBuilding C object CMakeFiles/turtlebot_action_drive__rosidl_generator_py.dir/rosidl_generator_py/turtlebot_action_drive/action/_drive_command_s.c.o[0m
[4.031s] [ 82%] [32m[1mLinking C shared library libturtlebot_action_drive__rosidl_generator_py.so[0m
[4.054s] [ 82%] Built target turtlebot_action_drive__rosidl_generator_py
[4.065s] [ 85%] [32mBuilding C object CMakeFiles/turtlebot_action_drive_s__rosidl_typesupport_fastrtps_c.dir/rosidl_generator_py/turtlebot_action_drive/_turtlebot_action_drive_s.ep.rosidl_typesupport_fastrtps_c.c.o[0m
[4.065s] [ 88%] [32mBuilding C object CMakeFiles/turtlebot_action_drive_s__rosidl_typesupport_introspection_c.dir/rosidl_generator_py/turtlebot_action_drive/_turtlebot_action_drive_s.ep.rosidl_typesupport_introspection_c.c.o[0m
[4.066s] [ 91%] [32mBuilding C object CMakeFiles/turtlebot_action_drive_s__rosidl_typesupport_c.dir/rosidl_generator_py/turtlebot_action_drive/_turtlebot_action_drive_s.ep.rosidl_typesupport_c.c.o[0m
[4.140s] [ 97%] [32m[1mLinking C shared module rosidl_generator_py/turtlebot_action_drive/turtlebot_action_drive_s__rosidl_typesupport_fastrtps_c.so[0m
[4.140s] [ 97%] [32m[1mLinking C shared module rosidl_generator_py/turtlebot_action_drive/turtlebot_action_drive_s__rosidl_typesupport_c.so[0m
[4.141s] [100%] [32m[1mLinking C shared module rosidl_generator_py/turtlebot_action_drive/turtlebot_action_drive_s__rosidl_typesupport_introspection_c.so[0m
[4.157s] [100%] Built target turtlebot_action_drive_s__rosidl_typesupport_c
[4.158s] [100%] Built target turtlebot_action_drive_s__rosidl_typesupport_introspection_c
[4.158s] [100%] Built target turtlebot_action_drive_s__rosidl_typesupport_fastrtps_c
[4.169s] Invoked command in '/home/me/cs-5335-code-ruim77/ros2_ws/build/turtlebot_action_drive' returned '0': CMAKE_PREFIX_PATH=${CMAKE_PREFIX_PATH}:/opt/ros/jazzy DEBUGINFOD_URLS=https://debuginfod.ubuntu.com /usr/bin/cmake --build /home/me/cs-5335-code-ruim77/ros2_ws/build/turtlebot_action_drive -- -j8 -l8
[4.183s] Invoking command in '/home/me/cs-5335-code-ruim77/ros2_ws/build/turtlebot_action_drive': CMAKE_PREFIX_PATH=${CMAKE_PREFIX_PATH}:/opt/ros/jazzy DEBUGINFOD_URLS=https://debuginfod.ubuntu.com /usr/bin/cmake --install /home/me/cs-5335-code-ruim77/ros2_ws/build/turtlebot_action_drive
[4.192s] -- Install configuration: ""
[4.192s] -- Installing: /home/me/cs-5335-code-ruim77/ros2_ws/install/turtlebot_action_drive/share/ament_index/resource_index/rosidl_interfaces/turtlebot_action_drive
[4.192s] -- Installing: /home/me/cs-5335-code-ruim77/ros2_ws/install/turtlebot_action_drive/share/turtlebot_action_drive/action/DriveCommand.json
[4.192s] -- Installing: /home/me/cs-5335-code-ruim77/ros2_ws/install/turtlebot_action_drive/include/turtlebot_action_drive/turtlebot_action_drive
[4.192s] -- Installing: /home/me/cs-5335-code-ruim77/ros2_ws/install/turtlebot_action_drive/include/turtlebot_action_drive/turtlebot_action_drive/msg
[4.193s] -- Installing: /home/me/cs-5335-code-ruim77/ros2_ws/install/turtlebot_action_drive/include/turtlebot_action_drive/turtlebot_action_drive/msg/rosidl_generator_c__visibility_control.h
[4.193s] -- Installing: /home/me/cs-5335-code-ruim77/ros2_ws/install/turtlebot_action_drive/include/turtlebot_action_drive/turtlebot_action_drive/action
[4.193s] -- Installing: /home/me/cs-5335-code-ruim77/ros2_ws/install/turtlebot_action_drive/include/turtlebot_action_drive/turtlebot_action_drive/action/detail
[4.193s] -- Installing: /home/me/cs-5335-code-ruim77/ros2_ws/install/turtlebot_action_drive/include/turtlebot_action_drive/turtlebot_action_drive/action/detail/drive_command__functions.c
[4.193s] -- Installing: /home/me/cs-5335-code-ruim77/ros2_ws/install/turtlebot_action_drive/include/turtlebot_action_drive/turtlebot_action_drive/action/detail/drive_command__description.c
[4.193s] -- Installing: /home/me/cs-5335-code-ruim77/ros2_ws/install/turtlebot_action_drive/include/turtlebot_action_drive/turtlebot_action_drive/action/detail/drive_command__struct.h
[4.193s] -- Installing: /home/me/cs-5335-code-ruim77/ros2_ws/install/turtlebot_action_drive/include/turtlebot_action_drive/turtlebot_action_drive/action/detail/drive_command__functions.h
[4.193s] -- Installing: /home/me/cs-5335-code-ruim77/ros2_ws/install/turtlebot_action_drive/include/turtlebot_action_drive/turtlebot_action_drive/action/detail/drive_command__type_support.c
[4.193s] -- Installing: /home/me/cs-5335-code-ruim77/ros2_ws/install/turtlebot_action_drive/include/turtlebot_action_drive/turtlebot_action_drive/action/detail/drive_command__type_support.h
[4.193s] -- Installing: /home/me/cs-5335-code-ruim77/ros2_ws/install/turtlebot_action_drive/include/turtlebot_action_drive/turtlebot_action_drive/action/drive_command.h
[4.194s] -- Installing: /home/me/cs-5335-code-ruim77/ros2_ws/install/turtlebot_action_drive/share/turtlebot_action_drive/environment/library_path.sh
[4.194s] -- Installing: /home/me/cs-5335-code-ruim77/ros2_ws/install/turtlebot_action_drive/share/turtlebot_action_drive/environment/library_path.dsv
[4.194s] -- Installing: /home/me/cs-5335-code-ruim77/ros2_ws/install/turtlebot_action_drive/lib/libturtlebot_action_drive__rosidl_generator_c.so
[4.194s] -- Set non-toolchain portion of runtime path of "/home/me/cs-5335-code-ruim77/ros2_ws/install/turtlebot_action_drive/lib/libturtlebot_action_drive__rosidl_generator_c.so" to ""
[4.195s] -- Up-to-date: /home/me/cs-5335-code-ruim77/ros2_ws/install/turtlebot_action_drive/include/turtlebot_action_drive/turtlebot_action_drive
[4.195s] -- Up-to-date: /home/me/cs-5335-code-ruim77/ros2_ws/install/turtlebot_action_drive/include/turtlebot_action_drive/turtlebot_action_drive/msg
[4.195s] -- Installing: /home/me/cs-5335-code-ruim77/ros2_ws/install/turtlebot_action_drive/include/turtlebot_action_drive/turtlebot_action_drive/msg/rosidl_typesupport_fastrtps_c__visibility_control.h
[4.195s] -- Up-to-date: /home/me/cs-5335-code-ruim77/ros2_ws/install/turtlebot_action_drive/include/turtlebot_action_drive/turtlebot_action_drive/action
[4.195s] -- Up-to-date: /home/me/cs-5335-code-ruim77/ros2_ws/install/turtlebot_action_drive/include/turtlebot_action_drive/turtlebot_action_drive/action/detail
[4.195s] -- Installing: /home/me/cs-5335-code-ruim77/ros2_ws/install/turtlebot_action_drive/include/turtlebot_action_drive/turtlebot_action_drive/action/detail/drive_command__rosidl_typesupport_fastrtps_c.h
[4.195s] -- Installing: /home/me/cs-5335-code-ruim77/ros2_ws/install/turtlebot_action_drive/lib/libturtlebot_action_drive__rosidl_typesupport_fastrtps_c.so
[4.195s] -- Set non-toolchain portion of runtime path of "/home/me/cs-5335-code-ruim77/ros2_ws/install/turtlebot_action_drive/lib/libturtlebot_action_drive__rosidl_typesupport_fastrtps_c.so" to ""
[4.195s] -- Up-to-date: /home/me/cs-5335-code-ruim77/ros2_ws/install/turtlebot_action_drive/include/turtlebot_action_drive/turtlebot_action_drive
[4.195s] -- Up-to-date: /home/me/cs-5335-code-ruim77/ros2_ws/install/turtlebot_action_drive/include/turtlebot_action_drive/turtlebot_action_drive/msg
[4.195s] -- Installing: /home/me/cs-5335-code-ruim77/ros2_ws/install/turtlebot_action_drive/include/turtlebot_action_drive/turtlebot_action_drive/msg/rosidl_typesupport_introspection_c__visibility_control.h
[4.195s] -- Up-to-date: /home/me/cs-5335-code-ruim77/ros2_ws/install/turtlebot_action_drive/include/turtlebot_action_drive/turtlebot_action_drive/action
[4.195s] -- Up-to-date: /home/me/cs-5335-code-ruim77/ros2_ws/install/turtlebot_action_drive/include/turtlebot_action_drive/turtlebot_action_drive/action/detail
[4.195s] -- Installing: /home/me/cs-5335-code-ruim77/ros2_ws/install/turtlebot_action_drive/include/turtlebot_action_drive/turtlebot_action_drive/action/detail/drive_command__rosidl_typesupport_introspection_c.h
[4.195s] -- Up-to-date: /home/me/cs-5335-code-ruim77/ros2_ws/install/turtlebot_action_drive/include/turtlebot_action_drive/turtlebot_action_drive/action/detail/drive_command__type_support.c
[4.195s] -- Installing: /home/me/cs-5335-code-ruim77/ros2_ws/install/turtlebot_action_drive/lib/libturtlebot_action_drive__rosidl_typesupport_introspection_c.so
[4.196s] -- Set non-toolchain portion of runtime path of "/home/me/cs-5335-code-ruim77/ros2_ws/install/turtlebot_action_drive/lib/libturtlebot_action_drive__rosidl_typesupport_introspection_c.so" to ""
[4.196s] -- Installing: /home/me/cs-5335-code-ruim77/ros2_ws/install/turtlebot_action_drive/lib/libturtlebot_action_drive__rosidl_typesupport_c.so
[4.196s] -- Set non-toolchain portion of runtime path of "/home/me/cs-5335-code-ruim77/ros2_ws/install/turtlebot_action_drive/lib/libturtlebot_action_drive__rosidl_typesupport_c.so" to ""
[4.196s] -- Up-to-date: /home/me/cs-5335-code-ruim77/ros2_ws/install/turtlebot_action_drive/include/turtlebot_action_drive/turtlebot_action_drive
[4.196s] -- Up-to-date: /home/me/cs-5335-code-ruim77/ros2_ws/install/turtlebot_action_drive/include/turtlebot_action_drive/turtlebot_action_drive/msg
[4.196s] -- Installing: /home/me/cs-5335-code-ruim77/ros2_ws/install/turtlebot_action_drive/include/turtlebot_action_drive/turtlebot_action_drive/msg/rosidl_generator_cpp__visibility_control.hpp
[4.196s] -- Up-to-date: /home/me/cs-5335-code-ruim77/ros2_ws/install/turtlebot_action_drive/include/turtlebot_action_drive/turtlebot_action_drive/action
[4.196s] -- Up-to-date: /home/me/cs-5335-code-ruim77/ros2_ws/install/turtlebot_action_drive/include/turtlebot_action_drive/turtlebot_action_drive/action/detail
[4.196s] -- Installing: /home/me/cs-5335-code-ruim77/ros2_ws/install/turtlebot_action_drive/include/turtlebot_action_drive/turtlebot_action_drive/action/detail/drive_command__builder.hpp
[4.197s] -- Installing: /home/me/cs-5335-code-ruim77/ros2_ws/install/turtlebot_action_drive/include/turtlebot_action_drive/turtlebot_action_drive/action/detail/drive_command__struct.hpp
[4.197s] -- Installing: /home/me/cs-5335-code-ruim77/ros2_ws/install/turtlebot_action_drive/include/turtlebot_action_drive/turtlebot_action_drive/action/detail/drive_command__type_support.hpp
[4.197s] -- Installing: /home/me/cs-5335-code-ruim77/ros2_ws/install/turtlebot_action_drive/include/turtlebot_action_drive/turtlebot_action_drive/action/detail/drive_command__traits.hpp
[4.197s] -- Installing: /home/me/cs-5335-code-ruim77/ros2_ws/install/turtlebot_action_drive/include/turtlebot_action_drive/turtlebot_action_drive/action/drive_command.hpp
[4.197s] -- Up-to-date: /home/me/cs-5335-code-ruim77/ros2_ws/install/turtlebot_action_drive/include/turtlebot_action_drive/turtlebot_action_drive
[4.197s] -- Up-to-date: /home/me/cs-5335-code-ruim77/ros2_ws/install/turtlebot_action_drive/include/turtlebot_action_drive/turtlebot_action_drive/msg
[4.197s] -- Installing: /home/me/cs-5335-code-ruim77/ros2_ws/install/turtlebot_action_drive/include/turtlebot_action_drive/turtlebot_action_drive/msg/rosidl_typesupport_fastrtps_cpp__visibility_control.h
[4.197s] -- Up-to-date: /home/me/cs-5335-code-ruim77/ros2_ws/install/turtlebot_action_drive/include/turtlebot_action_drive/turtlebot_action_drive/action
[4.197s] -- Up-to-date: /home/me/cs-5335-code-ruim77/ros2_ws/install/turtlebot_action_drive/include/turtlebot_action_drive/turtlebot_action_drive/action/detail
[4.197s] -- Installing: /home/me/cs-5335-code-ruim77/ros2_ws/install/turtlebot_action_drive/include/turtlebot_action_drive/turtlebot_action_drive/action/detail/drive_command__rosidl_typesupport_fastrtps_cpp.hpp
[4.197s] -- Installing: /home/me/cs-5335-code-ruim77/ros2_ws/install/turtlebot_action_drive/include/turtlebot_action_drive/turtlebot_action_drive/action/detail/dds_fastrtps
[4.197s] -- Installing: /home/me/cs-5335-code-ruim77/ros2_ws/install/turtlebot_action_drive/lib/libturtlebot_action_drive__rosidl_typesupport_fastrtps_cpp.so
[4.198s] -- Set non-toolchain portion of runtime path of "/home/me/cs-5335-code-ruim77/ros2_ws/install/turtlebot_action_drive/lib/libturtlebot_action_drive__rosidl_typesupport_fastrtps_cpp.so" to ""
[4.198s] -- Up-to-date: /home/me/cs-5335-code-ruim77/ros2_ws/install/turtlebot_action_drive/include/turtlebot_action_drive/turtlebot_action_drive
[4.198s] -- Up-to-date: /home/me/cs-5335-code-ruim77/ros2_ws/install/turtlebot_action_drive/include/turtlebot_action_drive/turtlebot_action_drive/action
[4.198s] -- Up-to-date: /home/me/cs-5335-code-ruim77/ros2_ws/install/turtlebot_action_drive/include/turtlebot_action_drive/turtlebot_action_drive/action/detail
[4.198s] -- Installing: /home/me/cs-5335-code-ruim77/ros2_ws/install/turtlebot_action_drive/include/turtlebot_action_drive/turtlebot_action_drive/action/detail/drive_command__rosidl_typesupport_introspection_cpp.hpp
[4.198s] -- Installing: /home/me/cs-5335-code-ruim77/ros2_ws/install/turtlebot_action_drive/include/turtlebot_action_drive/turtlebot_action_drive/action/detail/drive_command__type_support.cpp
[4.199s] -- Installing: /home/me/cs-5335-code-ruim77/ros2_ws/install/turtlebot_action_drive/lib/libturtlebot_action_drive__rosidl_typesupport_introspection_cpp.so
[4.199s] -- Set non-toolchain portion of runtime path of "/home/me/cs-5335-code-ruim77/ros2_ws/install/turtlebot_action_drive/lib/libturtlebot_action_drive__rosidl_typesupport_introspection_cpp.so" to ""
[4.199s] -- Installing: /home/me/cs-5335-code-ruim77/ros2_ws/install/turtlebot_action_drive/lib/libturtlebot_action_drive__rosidl_typesupport_cpp.so
[4.199s] -- Set non-toolchain portion of runtime path of "/home/me/cs-5335-code-ruim77/ros2_ws/install/turtlebot_action_drive/lib/libturtlebot_action_drive__rosidl_typesupport_cpp.so" to ""
[4.200s] -- Installing: /home/me/cs-5335-code-ruim77/ros2_ws/install/turtlebot_action_drive/share/turtlebot_action_drive/environment/pythonpath.sh
[4.200s] -- Installing: /home/me/cs-5335-code-ruim77/ros2_ws/install/turtlebot_action_drive/share/turtlebot_action_drive/environment/pythonpath.dsv
[4.200s] -- Installing: /home/me/cs-5335-code-ruim77/ros2_ws/install/turtlebot_action_drive/lib/python3.12/site-packages/turtlebot_action_drive-0.0.0-py3.12.egg-info
[4.200s] -- Installing: /home/me/cs-5335-code-ruim77/ros2_ws/install/turtlebot_action_drive/lib/python3.12/site-packages/turtlebot_action_drive-0.0.0-py3.12.egg-info/PKG-INFO
[4.200s] -- Installing: /home/me/cs-5335-code-ruim77/ros2_ws/install/turtlebot_action_drive/lib/python3.12/site-packages/turtlebot_action_drive-0.0.0-py3.12.egg-info/dependency_links.txt
[4.200s] -- Installing: /home/me/cs-5335-code-ruim77/ros2_ws/install/turtlebot_action_drive/lib/python3.12/site-packages/turtlebot_action_drive-0.0.0-py3.12.egg-info/top_level.txt
[4.200s] -- Installing: /home/me/cs-5335-code-ruim77/ros2_ws/install/turtlebot_action_drive/lib/python3.12/site-packages/turtlebot_action_drive-0.0.0-py3.12.egg-info/SOURCES.txt
[4.200s] -- Installing: /home/me/cs-5335-code-ruim77/ros2_ws/install/turtlebot_action_drive/lib/python3.12/site-packages/turtlebot_action_drive
[4.200s] -- Installing: /home/me/cs-5335-code-ruim77/ros2_ws/install/turtlebot_action_drive/lib/python3.12/site-packages/turtlebot_action_drive/turtlebot_action_drive_s__rosidl_typesupport_introspection_c.so
[4.200s] -- Installing: /home/me/cs-5335-code-ruim77/ros2_ws/install/turtlebot_action_drive/lib/python3.12/site-packages/turtlebot_action_drive/turtlebot_action_drive_s__rosidl_typesupport_c.so
[4.200s] -- Installing: /home/me/cs-5335-code-ruim77/ros2_ws/install/turtlebot_action_drive/lib/python3.12/site-packages/turtlebot_action_drive/_turtlebot_action_drive_s.ep.rosidl_typesupport_introspection_c.c
[4.200s] -- Installing: /home/me/cs-5335-code-ruim77/ros2_ws/install/turtlebot_action_drive/lib/python3.12/site-packages/turtlebot_action_drive/_turtlebot_action_drive_s.ep.rosidl_typesupport_fastrtps_c.c
[4.201s] -- Installing: /home/me/cs-5335-code-ruim77/ros2_ws/install/turtlebot_action_drive/lib/python3.12/site-packages/turtlebot_action_drive/_turtlebot_action_drive_s.ep.rosidl_typesupport_c.c
[4.201s] -- Installing: /home/me/cs-5335-code-ruim77/ros2_ws/install/turtlebot_action_drive/lib/python3.12/site-packages/turtlebot_action_drive/__init__.py
[4.201s] -- Installing: /home/me/cs-5335-code-ruim77/ros2_ws/install/turtlebot_action_drive/lib/python3.12/site-packages/turtlebot_action_drive/action
[4.201s] -- Installing: /home/me/cs-5335-code-ruim77/ros2_ws/install/turtlebot_action_drive/lib/python3.12/site-packages/turtlebot_action_drive/action/_drive_command_s.c
[4.201s] -- Installing: /home/me/cs-5335-code-ruim77/ros2_ws/install/turtlebot_action_drive/lib/python3.12/site-packages/turtlebot_action_drive/action/_drive_command.py
[4.201s] -- Installing: /home/me/cs-5335-code-ruim77/ros2_ws/install/turtlebot_action_drive/lib/python3.12/site-packages/turtlebot_action_drive/action/__init__.py
[4.201s] -- Installing: /home/me/cs-5335-code-ruim77/ros2_ws/install/turtlebot_action_drive/lib/python3.12/site-packages/turtlebot_action_drive/turtlebot_action_drive_s__rosidl_typesupport_fastrtps_c.so
[4.227s] Listing '/home/me/cs-5335-code-ruim77/ros2_ws/install/turtlebot_action_drive/lib/python3.12/site-packages/turtlebot_action_drive'...
[4.228s] Compiling '/home/me/cs-5335-code-ruim77/ros2_ws/install/turtlebot_action_drive/lib/python3.12/site-packages/turtlebot_action_drive/__init__.py'...
[4.228s] Listing '/home/me/cs-5335-code-ruim77/ros2_ws/install/turtlebot_action_drive/lib/python3.12/site-packages/turtlebot_action_drive/action'...
[4.228s] Compiling '/home/me/cs-5335-code-ruim77/ros2_ws/install/turtlebot_action_drive/lib/python3.12/site-packages/turtlebot_action_drive/action/__init__.py'...
[4.228s] Compiling '/home/me/cs-5335-code-ruim77/ros2_ws/install/turtlebot_action_drive/lib/python3.12/site-packages/turtlebot_action_drive/action/_drive_command.py'...
[4.231s] -- Installing: /home/me/cs-5335-code-ruim77/ros2_ws/install/turtlebot_action_drive/lib/python3.12/site-packages/turtlebot_action_drive/turtlebot_action_drive_s__rosidl_typesupport_fastrtps_c.so
[4.231s] -- Set non-toolchain portion of runtime path of "/home/me/cs-5335-code-ruim77/ros2_ws/install/turtlebot_action_drive/lib/python3.12/site-packages/turtlebot_action_drive/turtlebot_action_drive_s__rosidl_typesupport_fastrtps_c.so" to ""
[4.231s] -- Installing: /home/me/cs-5335-code-ruim77/ros2_ws/install/turtlebot_action_drive/lib/python3.12/site-packages/turtlebot_action_drive/turtlebot_action_drive_s__rosidl_typesupport_introspection_c.so
[4.232s] -- Set non-toolchain portion of runtime path of "/home/me/cs-5335-code-ruim77/ros2_ws/install/turtlebot_action_drive/lib/python3.12/site-packages/turtlebot_action_drive/turtlebot_action_drive_s__rosidl_typesupport_introspection_c.so" to ""
[4.232s] -- Installing: /home/me/cs-5335-code-ruim77/ros2_ws/install/turtlebot_action_drive/lib/python3.12/site-packages/turtlebot_action_drive/turtlebot_action_drive_s__rosidl_typesupport_c.so
[4.232s] -- Set non-toolchain portion of runtime path of "/home/me/cs-5335-code-ruim77/ros2_ws/install/turtlebot_action_drive/lib/python3.12/site-packages/turtlebot_action_drive/turtlebot_action_drive_s__rosidl_typesupport_c.so" to ""
[4.232s] -- Installing: /home/me/cs-5335-code-ruim77/ros2_ws/install/turtlebot_action_drive/lib/libturtlebot_action_drive__rosidl_generator_py.so
[4.232s] -- Set non-toolchain portion of runtime path of "/home/me/cs-5335-code-ruim77/ros2_ws/install/turtlebot_action_drive/lib/libturtlebot_action_drive__rosidl_generator_py.so" to ""
[4.232s] -- Installing: /home/me/cs-5335-code-ruim77/ros2_ws/install/turtlebot_action_drive/share/turtlebot_action_drive/action/DriveCommand.idl
[4.232s] -- Installing: /home/me/cs-5335-code-ruim77/ros2_ws/install/turtlebot_action_drive/share/turtlebot_action_drive/action/DriveCommand.action
[4.232s] -- Installing: /home/me/cs-5335-code-ruim77/ros2_ws/install/turtlebot_action_drive/lib/turtlebot_action_drive/executive_node.py
[4.233s] -- Installing: /home/me/cs-5335-code-ruim77/ros2_ws/install/turtlebot_action_drive/lib/turtlebot_action_drive/driving_node.py
[4.233s] -- Installing: /home/me/cs-5335-code-ruim77/ros2_ws/install/turtlebot_action_drive/share/turtlebot_action_drive//launch
[4.233s] -- Installing: /home/me/cs-5335-code-ruim77/ros2_ws/install/turtlebot_action_drive/share/turtlebot_action_drive//launch/turtlebot_action_launch.py
[4.233s] -- Installing: /home/me/cs-5335-code-ruim77/ros2_ws/install/turtlebot_action_drive/share/ament_index/resource_index/package_run_dependencies/turtlebot_action_drive
[4.233s] -- Installing: /home/me/cs-5335-code-ruim77/ros2_ws/install/turtlebot_action_drive/share/ament_index/resource_index/parent_prefix_path/turtlebot_action_drive
[4.233s] -- Installing: /home/me/cs-5335-code-ruim77/ros2_ws/install/turtlebot_action_drive/share/turtlebot_action_drive/environment/ament_prefix_path.sh
[4.233s] -- Installing: /home/me/cs-5335-code-ruim77/ros2_ws/install/turtlebot_action_drive/share/turtlebot_action_drive/environment/ament_prefix_path.dsv
[4.233s] -- Installing: /home/me/cs-5335-code-ruim77/ros2_ws/install/turtlebot_action_drive/share/turtlebot_action_drive/environment/path.sh
[4.233s] -- Installing: /home/me/cs-5335-code-ruim77/ros2_ws/install/turtlebot_action_drive/share/turtlebot_action_drive/environment/path.dsv
[4.233s] -- Installing: /home/me/cs-5335-code-ruim77/ros2_ws/install/turtlebot_action_drive/share/turtlebot_action_drive/local_setup.bash
[4.234s] -- Installing: /home/me/cs-5335-code-ruim77/ros2_ws/install/turtlebot_action_drive/share/turtlebot_action_drive/local_setup.sh
[4.234s] -- Installing: /home/me/cs-5335-code-ruim77/ros2_ws/install/turtlebot_action_drive/share/turtlebot_action_drive/local_setup.zsh
[4.234s] -- Installing: /home/me/cs-5335-code-ruim77/ros2_ws/install/turtlebot_action_drive/share/turtlebot_action_drive/local_setup.dsv
[4.234s] -- Installing: /home/me/cs-5335-code-ruim77/ros2_ws/install/turtlebot_action_drive/share/turtlebot_action_drive/package.dsv
[4.234s] -- Installing: /home/me/cs-5335-code-ruim77/ros2_ws/install/turtlebot_action_drive/share/ament_index/resource_index/packages/turtlebot_action_drive
[4.234s] -- Installing: /home/me/cs-5335-code-ruim77/ros2_ws/install/turtlebot_action_drive/share/turtlebot_action_drive/cmake/export_turtlebot_action_drive__rosidl_generator_cExport.cmake
[4.234s] -- Installing: /home/me/cs-5335-code-ruim77/ros2_ws/install/turtlebot_action_drive/share/turtlebot_action_drive/cmake/export_turtlebot_action_drive__rosidl_generator_cExport-noconfig.cmake
[4.234s] -- Installing: /home/me/cs-5335-code-ruim77/ros2_ws/install/turtlebot_action_drive/share/turtlebot_action_drive/cmake/export_turtlebot_action_drive__rosidl_typesupport_fastrtps_cExport.cmake
[4.235s] -- Installing: /home/me/cs-5335-code-ruim77/ros2_ws/install/turtlebot_action_drive/share/turtlebot_action_drive/cmake/export_turtlebot_action_drive__rosidl_typesupport_fastrtps_cExport-noconfig.cmake
[4.235s] -- Installing: /home/me/cs-5335-code-ruim77/ros2_ws/install/turtlebot_action_drive/share/turtlebot_action_drive/cmake/turtlebot_action_drive__rosidl_typesupport_introspection_cExport.cmake
[4.235s] -- Installing: /home/me/cs-5335-code-ruim77/ros2_ws/install/turtlebot_action_drive/share/turtlebot_action_drive/cmake/turtlebot_action_drive__rosidl_typesupport_introspection_cExport-noconfig.cmake
[4.235s] -- Installing: /home/me/cs-5335-code-ruim77/ros2_ws/install/turtlebot_action_drive/share/turtlebot_action_drive/cmake/turtlebot_action_drive__rosidl_typesupport_cExport.cmake
[4.235s] -- Installing: /home/me/cs-5335-code-ruim77/ros2_ws/install/turtlebot_action_drive/share/turtlebot_action_drive/cmake/turtlebot_action_drive__rosidl_typesupport_cExport-noconfig.cmake
[4.235s] -- Installing: /home/me/cs-5335-code-ruim77/ros2_ws/install/turtlebot_action_drive/share/turtlebot_action_drive/cmake/export_turtlebot_action_drive__rosidl_generator_cppExport.cmake
[4.235s] -- Installing: /home/me/cs-5335-code-ruim77/ros2_ws/install/turtlebot_action_drive/share/turtlebot_action_drive/cmake/export_turtlebot_action_drive__rosidl_typesupport_fastrtps_cppExport.cmake
[4.235s] -- Installing: /home/me/cs-5335-code-ruim77/ros2_ws/install/turtlebot_action_drive/share/turtlebot_action_drive/cmake/export_turtlebot_action_drive__rosidl_typesupport_fastrtps_cppExport-noconfig.cmake
[4.235s] -- Installing: /home/me/cs-5335-code-ruim77/ros2_ws/install/turtlebot_action_drive/share/turtlebot_action_drive/cmake/turtlebot_action_drive__rosidl_typesupport_introspection_cppExport.cmake
[4.235s] -- Installing: /home/me/cs-5335-code-ruim77/ros2_ws/install/turtlebot_action_drive/share/turtlebot_action_drive/cmake/turtlebot_action_drive__rosidl_typesupport_introspection_cppExport-noconfig.cmake
[4.235s] -- Installing: /home/me/cs-5335-code-ruim77/ros2_ws/install/turtlebot_action_drive/share/turtlebot_action_drive/cmake/turtlebot_action_drive__rosidl_typesupport_cppExport.cmake
[4.235s] -- Installing: /home/me/cs-5335-code-ruim77/ros2_ws/install/turtlebot_action_drive/share/turtlebot_action_drive/cmake/turtlebot_action_drive__rosidl_typesupport_cppExport-noconfig.cmake
[4.236s] -- Installing: /home/me/cs-5335-code-ruim77/ros2_ws/install/turtlebot_action_drive/share/turtlebot_action_drive/cmake/export_turtlebot_action_drive__rosidl_generator_pyExport.cmake
[4.236s] -- Installing: /home/me/cs-5335-code-ruim77/ros2_ws/install/turtlebot_action_drive/share/turtlebot_action_drive/cmake/export_turtlebot_action_drive__rosidl_generator_pyExport-noconfig.cmake
[4.236s] -- Installing: /home/me/cs-5335-code-ruim77/ros2_ws/install/turtlebot_action_drive/share/turtlebot_action_drive/cmake/rosidl_cmake-extras.cmake
[4.236s] -- Installing: /home/me/cs-5335-code-ruim77/ros2_ws/install/turtlebot_action_drive/share/turtlebot_action_drive/cmake/ament_cmake_export_dependencies-extras.cmake
[4.236s] -- Installing: /home/me/cs-5335-code-ruim77/ros2_ws/install/turtlebot_action_drive/share/turtlebot_action_drive/cmake/ament_cmake_export_include_directories-extras.cmake
[4.236s] -- Installing: /home/me/cs-5335-code-ruim77/ros2_ws/install/turtlebot_action_drive/share/turtlebot_action_drive/cmake/ament_cmake_export_libraries-extras.cmake
[4.236s] -- Installing: /home/me/cs-5335-code-ruim77/ros2_ws/install/turtlebot_action_drive/share/turtlebot_action_drive/cmake/ament_cmake_export_targets-extras.cmake
[4.236s] -- Installing: /home/me/cs-5335-code-ruim77/ros2_ws/install/turtlebot_action_drive/share/turtlebot_action_drive/cmake/rosidl_cmake_export_typesupport_targets-extras.cmake
[4.236s] -- Installing: /home/me/cs-5335-code-ruim77/ros2_ws/install/turtlebot_action_drive/share/turtlebot_action_drive/cmake/rosidl_cmake_export_typesupport_libraries-extras.cmake
[4.236s] -- Installing: /home/me/cs-5335-code-ruim77/ros2_ws/install/turtlebot_action_drive/share/turtlebot_action_drive/cmake/turtlebot_action_driveConfig.cmake
[4.236s] -- Installing: /home/me/cs-5335-code-ruim77/ros2_ws/install/turtlebot_action_drive/share/turtlebot_action_drive/cmake/turtlebot_action_driveConfig-version.cmake
[4.236s] -- Installing: /home/me/cs-5335-code-ruim77/ros2_ws/install/turtlebot_action_drive/share/turtlebot_action_drive/package.xml
[4.239s] Invoked command in '/home/me/cs-5335-code-ruim77/ros2_ws/build/turtlebot_action_drive' returned '0': CMAKE_PREFIX_PATH=${CMAKE_PREFIX_PATH}:/opt/ros/jazzy DEBUGINFOD_URLS=https://debuginfod.ubuntu.com /usr/bin/cmake --install /home/me/cs-5335-code-ruim77/ros2_ws/build/turtlebot_action_drive
