[0.141s] DEBUG:colcon:Command line arguments: ['/usr/bin/colcon', 'build', '--packages-select', 'turtlebot_action_drive']
[0.141s] DEBUG:colcon:Parsed command line arguments: Namespace(log_base=None, log_level=None, verb_name='build', build_base='build', install_base='install', merge_install=False, symlink_install=False, test_result_base=None, continue_on_error=False, executor='parallel', parallel_workers=8, event_handlers=None, ignore_user_meta=False, metas=['./colcon.meta'], base_paths=['.'], packages_ignore=None, packages_ignore_regex=None, paths=None, packages_up_to=None, packages_up_to_regex=None, packages_above=None, packages_above_and_dependencies=None, packages_above_depth=None, packages_select_by_dep=None, packages_skip_by_dep=None, packages_skip_up_to=None, packages_select_build_failed=False, packages_skip_build_finished=False, packages_select_test_failures=False, packages_skip_test_passed=False, packages_select=['turtlebot_action_drive'], packages_skip=None, packages_select_regex=None, packages_skip_regex=None, packages_start=None, packages_end=None, cmake_args=None, cmake_target=None, cmake_target_skip_unavailable=False, cmake_clean_cache=False, cmake_clean_first=False, cmake_force_configure=False, ament_cmake_args=None, catkin_cmake_args=None, catkin_skip_building_tests=False, verb_parser=<colcon_defaults.argument_parser.defaults.DefaultArgumentsDecorator object at 0xeca14638c050>, verb_extension=<colcon_core.verb.build.BuildVerb object at 0xeca14670e510>, main=<bound method BuildVerb.main of <colcon_core.verb.build.BuildVerb object at 0xeca14670e510>>)
[0.190s] Level 1:colcon.colcon_core.package_discovery:discover_packages(colcon_meta) check parameters
[0.190s] Level 1:colcon.colcon_core.package_discovery:discover_packages(recursive) check parameters
[0.190s] Level 1:colcon.colcon_core.package_discovery:discover_packages(ignore) check parameters
[0.190s] Level 1:colcon.colcon_core.package_discovery:discover_packages(path) check parameters
[0.190s] Level 1:colcon.colcon_core.package_discovery:discover_packages(colcon_meta) discover
[0.190s] Level 1:colcon.colcon_core.package_discovery:discover_packages(recursive) discover
[0.190s] INFO:colcon.colcon_core.package_discovery:Crawling recursively for packages in '/home/me/cs-5335-code-ruim77/ros2_ws'
[0.192s] Level 1:colcon.colcon_core.package_identification:_identify(.) by extensions ['ignore', 'ignore_ament_install']
[0.192s] Level 1:colcon.colcon_core.package_identification:_identify(.) by extension 'ignore'
[0.192s] Level 1:colcon.colcon_core.package_identification:_identify(.) by extension 'ignore_ament_install'
[0.192s] Level 1:colcon.colcon_core.package_identification:_identify(.) by extensions ['colcon_pkg']
[0.192s] Level 1:colcon.colcon_core.package_identification:_identify(.) by extension 'colcon_pkg'
[0.192s] Level 1:colcon.colcon_core.package_identification:_identify(.) by extensions ['colcon_meta']
[0.192s] Level 1:colcon.colcon_core.package_identification:_identify(.) by extension 'colcon_meta'
[0.192s] Level 1:colcon.colcon_core.package_identification:_identify(.) by extensions ['ros']
[0.192s] Level 1:colcon.colcon_core.package_identification:_identify(.) by extension 'ros'
[0.232s] Level 1:colcon.colcon_core.package_identification:_identify(.) by extensions ['cmake', 'python']
[0.232s] Level 1:colcon.colcon_core.package_identification:_identify(.) by extension 'cmake'
[0.232s] Level 1:colcon.colcon_core.package_identification:_identify(.) by extension 'python'
[0.232s] Level 1:colcon.colcon_core.package_identification:_identify(.) by extensions ['python_setup_py']
[0.232s] Level 1:colcon.colcon_core.package_identification:_identify(.) by extension 'python_setup_py'
[0.232s] Level 1:colcon.colcon_core.package_identification:_identify(build) by extensions ['ignore', 'ignore_ament_install']
[0.232s] Level 1:colcon.colcon_core.package_identification:_identify(build) by extension 'ignore'
[0.232s] Level 1:colcon.colcon_core.package_identification:_identify(build) ignored
[0.232s] Level 1:colcon.colcon_core.package_identification:_identify(install) by extensions ['ignore', 'ignore_ament_install']
[0.232s] Level 1:colcon.colcon_core.package_identification:_identify(install) by extension 'ignore'
[0.232s] Level 1:colcon.colcon_core.package_identification:_identify(install) ignored
[0.232s] Level 1:colcon.colcon_core.package_identification:_identify(log) by extensions ['ignore', 'ignore_ament_install']
[0.232s] Level 1:colcon.colcon_core.package_identification:_identify(log) by extension 'ignore'
[0.232s] Level 1:colcon.colcon_core.package_identification:_identify(log) ignored
[0.232s] Level 1:colcon.colcon_core.package_identification:_identify(src) by extensions ['ignore', 'ignore_ament_install']
[0.232s] Level 1:colcon.colcon_core.package_identification:_identify(src) by extension 'ignore'
[0.232s] Level 1:colcon.colcon_core.package_identification:_identify(src) by extension 'ignore_ament_install'
[0.232s] Level 1:colcon.colcon_core.package_identification:_identify(src) by extensions ['colcon_pkg']
[0.232s] Level 1:colcon.colcon_core.package_identification:_identify(src) by extension 'colcon_pkg'
[0.233s] Level 1:colcon.colcon_core.package_identification:_identify(src) by extensions ['colcon_meta']
[0.233s] Level 1:colcon.colcon_core.package_identification:_identify(src) by extension 'colcon_meta'
[0.233s] Level 1:colcon.colcon_core.package_identification:_identify(src) by extensions ['ros']
[0.233s] Level 1:colcon.colcon_core.package_identification:_identify(src) by extension 'ros'
[0.233s] Level 1:colcon.colcon_core.package_identification:_identify(src) by extensions ['cmake', 'python']
[0.233s] Level 1:colcon.colcon_core.package_identification:_identify(src) by extension 'cmake'
[0.233s] Level 1:colcon.colcon_core.package_identification:_identify(src) by extension 'python'
[0.233s] Level 1:colcon.colcon_core.package_identification:_identify(src) by extensions ['python_setup_py']
[0.233s] Level 1:colcon.colcon_core.package_identification:_identify(src) by extension 'python_setup_py'
[0.233s] Level 1:colcon.colcon_core.package_identification:_identify(src/log) by extensions ['ignore', 'ignore_ament_install']
[0.233s] Level 1:colcon.colcon_core.package_identification:_identify(src/log) by extension 'ignore'
[0.233s] Level 1:colcon.colcon_core.package_identification:_identify(src/log) ignored
[0.233s] Level 1:colcon.colcon_core.package_identification:_identify(src/turtlebot_action_drive) by extensions ['ignore', 'ignore_ament_install']
[0.233s] Level 1:colcon.colcon_core.package_identification:_identify(src/turtlebot_action_drive) by extension 'ignore'
[0.233s] Level 1:colcon.colcon_core.package_identification:_identify(src/turtlebot_action_drive) by extension 'ignore_ament_install'
[0.233s] Level 1:colcon.colcon_core.package_identification:_identify(src/turtlebot_action_drive) by extensions ['colcon_pkg']
[0.233s] Level 1:colcon.colcon_core.package_identification:_identify(src/turtlebot_action_drive) by extension 'colcon_pkg'
[0.233s] Level 1:colcon.colcon_core.package_identification:_identify(src/turtlebot_action_drive) by extensions ['colcon_meta']
[0.233s] Level 1:colcon.colcon_core.package_identification:_identify(src/turtlebot_action_drive) by extension 'colcon_meta'
[0.233s] Level 1:colcon.colcon_core.package_identification:_identify(src/turtlebot_action_drive) by extensions ['ros']
[0.233s] Level 1:colcon.colcon_core.package_identification:_identify(src/turtlebot_action_drive) by extension 'ros'
[0.237s] DEBUG:colcon.colcon_core.package_identification:Package 'src/turtlebot_action_drive' with type 'ros.ament_cmake' and name 'turtlebot_action_drive'
[0.237s] Level 1:colcon.colcon_core.package_discovery:discover_packages(recursive) using defaults
[0.237s] Level 1:colcon.colcon_core.package_discovery:discover_packages(ignore) discover
[0.237s] Level 1:colcon.colcon_core.package_discovery:discover_packages(ignore) using defaults
[0.237s] Level 1:colcon.colcon_core.package_discovery:discover_packages(path) discover
[0.237s] Level 1:colcon.colcon_core.package_discovery:discover_packages(path) using defaults
[0.261s] Level 5:colcon.colcon_core.verb:set package 'turtlebot_action_drive' build argument 'cmake_args' from command line to 'None'
[0.261s] Level 5:colcon.colcon_core.verb:set package 'turtlebot_action_drive' build argument 'cmake_target' from command line to 'None'
[0.261s] Level 5:colcon.colcon_core.verb:set package 'turtlebot_action_drive' build argument 'cmake_target_skip_unavailable' from command line to 'False'
[0.261s] Level 5:colcon.colcon_core.verb:set package 'turtlebot_action_drive' build argument 'cmake_clean_cache' from command line to 'False'
[0.261s] Level 5:colcon.colcon_core.verb:set package 'turtlebot_action_drive' build argument 'cmake_clean_first' from command line to 'False'
[0.261s] Level 5:colcon.colcon_core.verb:set package 'turtlebot_action_drive' build argument 'cmake_force_configure' from command line to 'False'
[0.261s] Level 5:colcon.colcon_core.verb:set package 'turtlebot_action_drive' build argument 'ament_cmake_args' from command line to 'None'
[0.261s] Level 5:colcon.colcon_core.verb:set package 'turtlebot_action_drive' build argument 'catkin_cmake_args' from command line to 'None'
[0.261s] Level 5:colcon.colcon_core.verb:set package 'turtlebot_action_drive' build argument 'catkin_skip_building_tests' from command line to 'False'
[0.261s] DEBUG:colcon.colcon_core.verb:Building package 'turtlebot_action_drive' with the following arguments: {'ament_cmake_args': None, 'build_base': '/home/me/cs-5335-code-ruim77/ros2_ws/build/turtlebot_action_drive', 'catkin_cmake_args': None, 'catkin_skip_building_tests': False, 'cmake_args': None, 'cmake_clean_cache': False, 'cmake_clean_first': False, 'cmake_force_configure': False, 'cmake_target': None, 'cmake_target_skip_unavailable': False, 'install_base': '/home/me/cs-5335-code-ruim77/ros2_ws/install/turtlebot_action_drive', 'merge_install': False, 'path': '/home/me/cs-5335-code-ruim77/ros2_ws/src/turtlebot_action_drive', 'symlink_install': False, 'test_result_base': None}
[0.261s] INFO:colcon.colcon_core.executor:Executing jobs using 'parallel' executor
[0.262s] DEBUG:colcon.colcon_parallel_executor.executor.parallel:run_until_complete
[0.263s] INFO:colcon.colcon_ros.task.ament_cmake.build:Building ROS package in '/home/me/cs-5335-code-ruim77/ros2_ws/src/turtlebot_action_drive' with build type 'ament_cmake'
[0.263s] INFO:colcon.colcon_cmake.task.cmake.build:Building CMake package in '/home/me/cs-5335-code-ruim77/ros2_ws/src/turtlebot_action_drive'
[0.266s] INFO:colcon.colcon_core.plugin_system:Skipping extension 'colcon_core.shell.bat': Not used on non-Windows systems
[0.266s] DEBUG:colcon.colcon_core.shell:Skip shell extension 'dsv' for command environment
[0.287s] DEBUG:colcon.colcon_core.event_handler.log_command:Invoking command in '/home/me/cs-5335-code-ruim77/ros2_ws/build/turtlebot_action_drive': CMAKE_PREFIX_PATH=${CMAKE_PREFIX_PATH}:/opt/ros/jazzy DEBUGINFOD_URLS=https://debuginfod.ubuntu.com /usr/bin/cmake --build /home/me/cs-5335-code-ruim77/ros2_ws/build/turtlebot_action_drive -- -j8 -l8
[0.703s] DEBUG:colcon.colcon_core.event_handler.log_command:Invoked command in '/home/me/cs-5335-code-ruim77/ros2_ws/build/turtlebot_action_drive' returned '0': CMAKE_PREFIX_PATH=${CMAKE_PREFIX_PATH}:/opt/ros/jazzy DEBUGINFOD_URLS=https://debuginfod.ubuntu.com /usr/bin/cmake --build /home/me/cs-5335-code-ruim77/ros2_ws/build/turtlebot_action_drive -- -j8 -l8
[0.709s] DEBUG:colcon.colcon_core.event_handler.log_command:Invoking command in '/home/me/cs-5335-code-ruim77/ros2_ws/build/turtlebot_action_drive': CMAKE_PREFIX_PATH=${CMAKE_PREFIX_PATH}:/opt/ros/jazzy DEBUGINFOD_URLS=https://debuginfod.ubuntu.com /usr/bin/cmake --install /home/me/cs-5335-code-ruim77/ros2_ws/build/turtlebot_action_drive
[0.763s] Level 1:colcon.colcon_core.environment:create_environment_scripts_only(turtlebot_action_drive)
[0.763s] DEBUG:colcon.colcon_core.event_handler.log_command:Invoked command in '/home/me/cs-5335-code-ruim77/ros2_ws/build/turtlebot_action_drive' returned '0': CMAKE_PREFIX_PATH=${CMAKE_PREFIX_PATH}:/opt/ros/jazzy DEBUGINFOD_URLS=https://debuginfod.ubuntu.com /usr/bin/cmake --install /home/me/cs-5335-code-ruim77/ros2_ws/build/turtlebot_action_drive
[0.769s] Level 1:colcon.colcon_core.environment:checking '/home/me/cs-5335-code-ruim77/ros2_ws/install/turtlebot_action_drive' for CMake module files
[0.773s] Level 1:colcon.colcon_core.environment:checking '/home/me/cs-5335-code-ruim77/ros2_ws/install/turtlebot_action_drive' for CMake config files
[0.777s] Level 1:colcon.colcon_core.shell:create_environment_hook('turtlebot_action_drive', 'cmake_prefix_path')
[0.777s] INFO:colcon.colcon_core.shell:Creating environment descriptor '/home/me/cs-5335-code-ruim77/ros2_ws/install/turtlebot_action_drive/share/turtlebot_action_drive/hook/cmake_prefix_path.dsv'
[0.778s] INFO:colcon.colcon_core.shell:Creating environment hook '/home/me/cs-5335-code-ruim77/ros2_ws/install/turtlebot_action_drive/share/turtlebot_action_drive/hook/cmake_prefix_path.sh'
[0.778s] Level 1:colcon.colcon_core.environment:checking '/home/me/cs-5335-code-ruim77/ros2_ws/install/turtlebot_action_drive/lib'
[0.778s] Level 1:colcon.colcon_core.shell:create_environment_hook('turtlebot_action_drive', 'ld_library_path_lib')
[0.779s] INFO:colcon.colcon_core.shell:Creating environment descriptor '/home/me/cs-5335-code-ruim77/ros2_ws/install/turtlebot_action_drive/share/turtlebot_action_drive/hook/ld_library_path_lib.dsv'
[0.779s] INFO:colcon.colcon_core.shell:Creating environment hook '/home/me/cs-5335-code-ruim77/ros2_ws/install/turtlebot_action_drive/share/turtlebot_action_drive/hook/ld_library_path_lib.sh'
[0.779s] Level 1:colcon.colcon_core.environment:checking '/home/me/cs-5335-code-ruim77/ros2_ws/install/turtlebot_action_drive/bin'
[0.779s] Level 1:colcon.colcon_core.environment:checking '/home/me/cs-5335-code-ruim77/ros2_ws/install/turtlebot_action_drive/lib/pkgconfig/turtlebot_action_drive.pc'
[0.782s] Level 1:colcon.colcon_core.environment:checking '/home/me/cs-5335-code-ruim77/ros2_ws/install/turtlebot_action_drive/lib/python3.12/site-packages'
[0.782s] Level 1:colcon.colcon_core.shell:create_environment_hook('turtlebot_action_drive', 'pythonpath')
[0.782s] INFO:colcon.colcon_core.shell:Creating environment descriptor '/home/me/cs-5335-code-ruim77/ros2_ws/install/turtlebot_action_drive/share/turtlebot_action_drive/hook/pythonpath.dsv'
[0.782s] INFO:colcon.colcon_core.shell:Creating environment hook '/home/me/cs-5335-code-ruim77/ros2_ws/install/turtlebot_action_drive/share/turtlebot_action_drive/hook/pythonpath.sh'
[0.782s] Level 1:colcon.colcon_core.environment:checking '/home/me/cs-5335-code-ruim77/ros2_ws/install/turtlebot_action_drive/bin'
[0.783s] INFO:colcon.colcon_core.shell:Creating package descriptor '/home/me/cs-5335-code-ruim77/ros2_ws/install/turtlebot_action_drive/share/turtlebot_action_drive/package.dsv'
[0.784s] INFO:colcon.colcon_core.shell:Creating package script '/home/me/cs-5335-code-ruim77/ros2_ws/install/turtlebot_action_drive/share/turtlebot_action_drive/package.sh'
[0.784s] INFO:colcon.colcon_core.shell:Creating package script '/home/me/cs-5335-code-ruim77/ros2_ws/install/turtlebot_action_drive/share/turtlebot_action_drive/package.bash'
[0.785s] INFO:colcon.colcon_core.shell:Creating package script '/home/me/cs-5335-code-ruim77/ros2_ws/install/turtlebot_action_drive/share/turtlebot_action_drive/package.zsh'
[0.786s] Level 1:colcon.colcon_core.environment:create_file_with_runtime_dependencies(/home/me/cs-5335-code-ruim77/ros2_ws/install/turtlebot_action_drive/share/colcon-core/packages/turtlebot_action_drive)
[0.787s] Level 1:colcon.colcon_core.environment:create_environment_scripts_only(turtlebot_action_drive)
[0.787s] Level 1:colcon.colcon_core.environment:checking '/home/me/cs-5335-code-ruim77/ros2_ws/install/turtlebot_action_drive' for CMake module files
[0.788s] Level 1:colcon.colcon_core.environment:checking '/home/me/cs-5335-code-ruim77/ros2_ws/install/turtlebot_action_drive' for CMake config files
[0.788s] Level 1:colcon.colcon_core.shell:create_environment_hook('turtlebot_action_drive', 'cmake_prefix_path')
[0.788s] INFO:colcon.colcon_core.shell:Creating environment descriptor '/home/me/cs-5335-code-ruim77/ros2_ws/install/turtlebot_action_drive/share/turtlebot_action_drive/hook/cmake_prefix_path.dsv'
[0.789s] INFO:colcon.colcon_core.shell:Creating environment hook '/home/me/cs-5335-code-ruim77/ros2_ws/install/turtlebot_action_drive/share/turtlebot_action_drive/hook/cmake_prefix_path.sh'
[0.789s] Level 1:colcon.colcon_core.environment:checking '/home/me/cs-5335-code-ruim77/ros2_ws/install/turtlebot_action_drive/lib'
[0.789s] Level 1:colcon.colcon_core.shell:create_environment_hook('turtlebot_action_drive', 'ld_library_path_lib')
[0.789s] INFO:colcon.colcon_core.shell:Creating environment descriptor '/home/me/cs-5335-code-ruim77/ros2_ws/install/turtlebot_action_drive/share/turtlebot_action_drive/hook/ld_library_path_lib.dsv'
[0.790s] INFO:colcon.colcon_core.shell:Creating environment hook '/home/me/cs-5335-code-ruim77/ros2_ws/install/turtlebot_action_drive/share/turtlebot_action_drive/hook/ld_library_path_lib.sh'
[0.790s] Level 1:colcon.colcon_core.environment:checking '/home/me/cs-5335-code-ruim77/ros2_ws/install/turtlebot_action_drive/bin'
[0.790s] Level 1:colcon.colcon_core.environment:checking '/home/me/cs-5335-code-ruim77/ros2_ws/install/turtlebot_action_drive/lib/pkgconfig/turtlebot_action_drive.pc'
[0.790s] Level 1:colcon.colcon_core.environment:checking '/home/me/cs-5335-code-ruim77/ros2_ws/install/turtlebot_action_drive/lib/python3.12/site-packages'
[0.790s] Level 1:colcon.colcon_core.shell:create_environment_hook('turtlebot_action_drive', 'pythonpath')
[0.791s] INFO:colcon.colcon_core.shell:Creating environment descriptor '/home/me/cs-5335-code-ruim77/ros2_ws/install/turtlebot_action_drive/share/turtlebot_action_drive/hook/pythonpath.dsv'
[0.791s] INFO:colcon.colcon_core.shell:Creating environment hook '/home/me/cs-5335-code-ruim77/ros2_ws/install/turtlebot_action_drive/share/turtlebot_action_drive/hook/pythonpath.sh'
[0.791s] Level 1:colcon.colcon_core.environment:checking '/home/me/cs-5335-code-ruim77/ros2_ws/install/turtlebot_action_drive/bin'
[0.792s] INFO:colcon.colcon_core.shell:Creating package descriptor '/home/me/cs-5335-code-ruim77/ros2_ws/install/turtlebot_action_drive/share/turtlebot_action_drive/package.dsv'
[0.792s] INFO:colcon.colcon_core.shell:Creating package script '/home/me/cs-5335-code-ruim77/ros2_ws/install/turtlebot_action_drive/share/turtlebot_action_drive/package.sh'
[0.792s] INFO:colcon.colcon_core.shell:Creating package script '/home/me/cs-5335-code-ruim77/ros2_ws/install/turtlebot_action_drive/share/turtlebot_action_drive/package.bash'
[0.792s] INFO:colcon.colcon_core.shell:Creating package script '/home/me/cs-5335-code-ruim77/ros2_ws/install/turtlebot_action_drive/share/turtlebot_action_drive/package.zsh'
[0.792s] Level 1:colcon.colcon_core.environment:create_file_with_runtime_dependencies(/home/me/cs-5335-code-ruim77/ros2_ws/install/turtlebot_action_drive/share/colcon-core/packages/turtlebot_action_drive)
[0.793s] DEBUG:colcon.colcon_parallel_executor.executor.parallel:closing loop
[0.793s] DEBUG:colcon.colcon_parallel_executor.executor.parallel:loop closed
[0.793s] DEBUG:colcon.colcon_parallel_executor.executor.parallel:run_until_complete finished with '0'
[0.793s] DEBUG:colcon.colcon_core.event_reactor:joining thread
[0.802s] INFO:colcon.colcon_core.plugin_system:Skipping extension 'colcon_notification.desktop_notification.terminal_notifier': Not used on non-Darwin systems
[0.802s] INFO:colcon.colcon_core.plugin_system:Skipping extension 'colcon_notification.desktop_notification.win32': Not used on non-Windows systems
[0.803s] INFO:colcon.colcon_notification.desktop_notification:Sending desktop notification using 'notify2'
[0.862s] DEBUG:colcon.colcon_core.event_reactor:joined thread
[0.862s] INFO:colcon.colcon_core.shell:Creating prefix script '/home/me/cs-5335-code-ruim77/ros2_ws/install/local_setup.sh'
[0.862s] INFO:colcon.colcon_core.shell:Creating prefix util module '/home/me/cs-5335-code-ruim77/ros2_ws/install/_local_setup_util_sh.py'
[0.864s] INFO:colcon.colcon_core.shell:Creating prefix chain script '/home/me/cs-5335-code-ruim77/ros2_ws/install/setup.sh'
[0.864s] INFO:colcon.colcon_core.shell:Creating prefix script '/home/me/cs-5335-code-ruim77/ros2_ws/install/local_setup.bash'
[0.865s] INFO:colcon.colcon_core.shell:Creating prefix chain script '/home/me/cs-5335-code-ruim77/ros2_ws/install/setup.bash'
[0.866s] INFO:colcon.colcon_core.shell:Creating prefix script '/home/me/cs-5335-code-ruim77/ros2_ws/install/local_setup.zsh'
[0.866s] INFO:colcon.colcon_core.shell:Creating prefix chain script '/home/me/cs-5335-code-ruim77/ros2_ws/install/setup.zsh'
